<?xml version="1.0" encoding="UTF-8"?>
<testsuite xmlns:xsi="http://www.w3.org/2001/XMLSchema-instance" xsi:noNamespaceSchemaLocation="https://maven.apache.org/surefire/maven-surefire-plugin/xsd/surefire-test-report-3.0.xsd" version="3.0" name="TestSuite" time="163.181" tests="16" errors="0" skipped="0" failures="2">
  <properties>
[...]
</properties>
  <testcase name="runScenario[&quot;Verify Dark Mode enable&quot;, &quot;Dark Mode Enable and Disable  functionality&quot;](1)" classname="runner.TestRunner" time="14.056">
    <system-out><![CDATA[
@darkMode
Scenario Outline: Verify Dark Mode enable                                                                           # src/test/resources/FeatureFiles/DarkModeEnableDisable.feature:17

@darkMode
Scenario Outline: Verify Dark Mode enable                                                                         # src/test/resources/FeatureFiles/DarkModeEnableDisable.feature:18
  Given User signs in to application with email "Sameer.Tamboli+1@pentanacontractor.com" and password "Test1234!" # stepDefinitions.LoginLogoutSteps.user_signs_in_to_application(java.lang.String,java.lang.String)
  And Navigates to Home Page                                                                                      # stepDefinitions.DarkModeEnableDisableSteps.navigates_to_home_page()
  Given User signs in to application with email "Garima.Shrivastav@pentanacontractor.com" and password "Password@1" # stepDefinitions.LoginLogoutSteps.user_signs_in_to_application(java.lang.String,java.lang.String)
  And Navigates to Home Page                                                                                        # stepDefinitions.DarkModeEnableDisableSteps.navigates_to_home_page()
  When User clicks on User Icon button                                                                            # stepDefinitions.DarkModeEnableDisableSteps.user_clicks_on_user_icon_button()
  When User clicks on User Icon button                                                                              # stepDefinitions.DarkModeEnableDisableSteps.user_clicks_on_user_icon_button()
  And clicks on Dark Mode checkbox                                                                                # stepDefinitions.DarkModeEnableDisableSteps.clicks_on_dark_mode_checkbox()
  Then Dark Mode gets enabled                                                                                     # stepDefinitions.DarkModeEnableDisableSteps.dark_mode_is_enabled()
  And clicks on Dark Mode checkbox                                                                                  # stepDefinitions.DarkModeEnableDisableSteps.clicks_on_dark_mode_checkbox()
  Then Dark Mode gets enabled                                                                                       # stepDefinitions.DarkModeEnableDisableSteps.dark_mode_is_enabled()
  When User again clicks on Dark Mode                                                                             # stepDefinitions.DarkModeEnableDisableSteps.User_again_clicks_on_Dark_Mode()
  Then Dark Mode gets disabled                                                                                    # stepDefinitions.DarkModeEnableDisableSteps.dark_mode_gets_disabled()
  When User again clicks on Dark Mode                                                                               # stepDefinitions.DarkModeEnableDisableSteps.User_again_clicks_on_Dark_Mode()
  Then Dark Mode gets disabled                                                                                      # stepDefinitions.DarkModeEnableDisableSteps.dark_mode_gets_disabled()
]]></system-out>
    <system-err><![CDATA[SLF4J: Failed to load class "org.slf4j.impl.StaticLoggerBinder".
SLF4J: Defaulting to no-operation (NOP) logger implementation
SLF4J: See http://www.slf4j.org/codes.html#StaticLoggerBinder for further details.
StaSrttinagr tChirnogm eChDrroivemre D1r1i3v.e0r.5 61712.363 (0.e10a.45467712d.563 (0ae5bfe128b11bad48f44d67271cd85cabed55b5ff17208cb-1rbedf8sf/4bdr6a2n7cch8c-bhde5a5dfs7/05c6-7r2e@f{s/b#r9an1c2h}-)h eoand sp/o5r6t7 26@{8#29142}
O)n loyn  lpoocratl  6co98nn4e
cOtnilyo nlocsa l acroen naelctlioownse dar.e a
lPlolweead.se
 Psleeaes e hsteet phtst:ps/:///cchhrormoemderdivreivr.ecrh.rcohmrioumm.iorg/suemc.uroirtyg-/csoencsuidreirattyi-ocnso nfosri dseurgagetsitoionnss  foonr k eesugpginegs tiCohrnos moenD rkieveepri nsga fCeh.ro
meDriver safe.
CChhrroommeeDDrriveivre rw awsa ssta rtsetda rstuecdc essusfcuclelssyf.ul
ly.
May 30, 2023 12:41:25 PM org.openqa.selenium.devtools.CdpVersionFinder findNearestMatch
WARNING: Unable to find an exact match for CDP version 113, so returning the closest version found: 110
May 30, 2023 12:41:25 PM org.openqa.selenium.devtools.CdpVersionFinder findNearestMatch
WARNING: Unable to find an exact match for CDP version 113, so returning the closest version found: 110
]]></system-err>
  </testcase>
  <testcase name="runScenario[&quot;Verify Dark Mode enable&quot;, &quot;Dark Mode Enable and Disable  functionality&quot;](2)" classname="runner.TestRunner" time="0.137">
    <system-out><![CDATA[
@EdgeLink
Scenario: Verify user is able to click Edge Link in Home Page                                                   # src/test/resources/FeatureFiles/EdgeLink.feature:8
]]></system-out>
  </testcase>
  <testcase name="runScenario[&quot;Verify user is able to click Edge Link in Home Page&quot;, &quot;Filter Search Functionality&quot;](3)" classname="runner.TestRunner" time="9.759">
    <system-out><![CDATA[
@EdgeLink
Scenario: Verify user is able to click Edge Link in Home Page                                                   # src/test/resources/FeatureFiles/EdgeLink.feature:12
  Given User signs in to application with email "carl.malubag@pentanasolutions.com" and password "Password123#" # stepDefinitions.LoginLogoutSteps.user_signs_in_to_application(java.lang.String,java.lang.String)
  Given User signs in to application with email "carl.malubag@pentanasolutions.com" and password "Password123#" # stepDefinitions.LoginLogoutSteps.user_signs_in_to_application(java.lang.String,java.lang.String)
  Then User Navigates to Home Page                                                                              # stepDefinitions.SelectAppSteps.User_navigates_to_home_page()
  Then User Navigates to Home Page                                                                              # stepDefinitions.SelectAppSteps.User_navigates_to_home_page()
  When User clicks the User Administration button                                                               # stepDefinitions.UserAdministrationSteps.user_clicks_the_user_administration_button()
  When User Clicks on Edge Link                                                                                 # stepDefinitions.EdgeLinkSteps.User_Clicks_on_Edge_Link()
  Then User is redirected to Elearning Portal                                                                   # stepDefinitions.EdgeLinkSteps.User_is_redirected_to_Elearning_Portal()
]]></system-out>
    <system-err><![CDATA[Starting ChromeDriver 113.0.5672.63 (0e1a4471d5ae5bf128b1bd8f4d627c8cbd55f70c-refs/branch-heads/5672@{#912}) on port 5938
Only local connections are allowed.
Please see https://chromedriver.chromium.org/security-considerations for suggestions on keeping ChromeDriver safe.
ChromeDriver was started successfully.
Starting ChromeDriver 113.0.5672.63 (0e1a4471d5ae5bf128b1bd8f4d627c8cbd55f70c-refs/branch-heads/5672@{#912}) on port 44094
Only local connections are allowed.
Please see https://chromedriver.chromium.org/security-considerations for suggestions on keeping ChromeDriver safe.
ChromeDriver was started successfully.
May 30, 2023 12:41:38 PM org.openqa.selenium.devtools.CdpVersionFinder findNearestMatch
WARNING: Unable to find an exact match for CDP version 113, so returning the closest version found: 110
May 30, 2023 12:41:38 PM org.openqa.selenium.devtools.CdpVersionFinder findNearestMatch
WARNING: Unable to find an exact match for CDP version 113, so returning the closest version found: 110
]]></system-err>
  </testcase>
  <testcase name="runScenario[&quot;Verify user is able to click Edge Link in Home Page&quot;, &quot;Filter Search Functionality&quot;](4)" classname="runner.TestRunner" time="5.176">
    <system-out><![CDATA[
@login
Scenario Outline: Sign in with valid credentials and Sign out      # src/test/resources/FeatureFiles/LoginLogout.feature:18
  And User clicks on Edge Link in User Admin App                                                                # stepDefinitions.EdgeLinkSteps.User_clicks_on_Edge_Link_in_User_Admin_App()
  Given User is on Sign in page                                    # stepDefinitions.LoginLogoutSteps.user_is_on_sign_in_page()
  Then User is redirected to Elearning Portal in UserApp                                                        # stepDefinitions.EdgeLinkSteps.User_is_redirected_to_Elearning_Portal_in_UserApp()
  When User enters email "Garima.Shrivastav@pentanacontractor.com" # stepDefinitions.LoginLogoutSteps.user_enters_username_something(java.lang.String)
  And User clicks Continue button                                  # stepDefinitions.LoginLogoutSteps.user_clicks_continue_button()
]]></system-out>
    <system-err><![CDATA[Starting ChromeDriver 113.0.5672.63 (0e1a4471d5ae5bf128b1bd8f4d627c8cbd55f70c-refs/branch-heads/5672@{#912}) on port 26761
Only local connections are allowed.
Please see https://chromedriver.chromium.org/security-considerations for suggestions on keeping ChromeDriver safe.
ChromeDriver was started successfully.
May 30, 2023 12:41:48 PM org.openqa.selenium.devtools.CdpVersionFinder findNearestMatch
WARNING: Unable to find an exact match for CDP version 113, so returning the closest version found: 110
]]></system-err>
  </testcase>
  <testcase name="runScenario[&quot;Sign in with valid credentials and Sign out&quot;, &quot;Sign in and Sign Out functionality&quot;](5)" classname="runner.TestRunner" time="8.669">
    <system-out><![CDATA[
@login
Scenario Outline: Sign in with valid credentials and Sign out     # src/test/resources/FeatureFiles/LoginLogout.feature:19
  And User enters password "Password@1"                            # stepDefinitions.LoginLogoutSteps.user_enters_password_something(java.lang.String)
  And Clicks on Sign In button                                     # stepDefinitions.LoginLogoutSteps.clicks_on_sign_in_button()
  Then User is able to Sign in successfully                        # stepDefinitions.LoginLogoutSteps.user_is_able_to_sign_in_successfully()
  Given User is on Sign in page                                   # stepDefinitions.LoginLogoutSteps.user_is_on_sign_in_page()
  When User enters email "Sameer.Tamboli+1@pentanacontractor.com" # stepDefinitions.LoginLogoutSteps.user_enters_username_something(java.lang.String)
  And User clicks Continue button                                 # stepDefinitions.LoginLogoutSteps.user_clicks_continue_button()
  And User enters password "Test1234!"                            # stepDefinitions.LoginLogoutSteps.user_enters_password_something(java.lang.String)
  When User clicks on User Icon                                    # stepDefinitions.LoginLogoutSteps.user_clicks_on_user_icon()
  And Clicks on Sign In button                                    # stepDefinitions.LoginLogoutSteps.clicks_on_sign_in_button()
  Then User is able to Sign in successfully                       # stepDefinitions.LoginLogoutSteps.user_is_able_to_sign_in_successfully()
  And Clicks on Sign Out option                                    # stepDefinitions.LoginLogoutSteps.clicks_on_sign_out_option()
  Then User is able to Sign Out of application                     # stepDefinitions.LoginLogoutSteps.user_is_able_to_sign_out_of_application()
]]></system-out>
    <system-err><![CDATA[Starting ChromeDriver 113.0.5672.63 (0e1a4471d5ae5bf128b1bd8f4d627c8cbd55f70c-refs/branch-heads/5672@{#912}) on port 32022
Only local connections are allowed.
Please see https://chromedriver.chromium.org/security-considerations for suggestions on keeping ChromeDriver safe.
ChromeDriver was started successfully.
May 30, 2023 12:41:53 PM org.openqa.selenium.devtools.CdpVersionFinder findNearestMatch
WARNING: Unable to find an exact match for CDP version 113, so returning the closest version found: 110
]]></system-err>
  </testcase>
  <testcase name="runScenario[&quot;Sign in with valid credentials and Sign out&quot;, &quot;Sign in and Sign Out functionality&quot;](6)" classname="runner.TestRunner" time="4.443">
    <system-out><![CDATA[
@selectApp
Scenario: Select Application on Apps Tab                                                                        # src/test/resources/FeatureFiles/SelectApp.feature:4
  When User clicks on User Icon                                   # stepDefinitions.LoginLogoutSteps.user_clicks_on_user_icon()
  And Clicks on Sign Out option                                   # stepDefinitions.LoginLogoutSteps.clicks_on_sign_out_option()
  Then User is able to Sign Out of application                    # stepDefinitions.LoginLogoutSteps.user_is_able_to_sign_out_of_application()
]]></system-out>
    <system-err><![CDATA[Starting ChromeDriver 113.0.5672.63 (0e1a4471d5ae5bf128b1bd8f4d627c8cbd55f70c-refs/branch-heads/5672@{#912}) on port 43485
Only local connections are allowed.
Please see https://chromedriver.chromium.org/security-considerations for suggestions on keeping ChromeDriver safe.
ChromeDriver was started successfully.
May 30, 2023 12:42:02 PM org.openqa.selenium.devtools.CdpVersionFinder findNearestMatch
WARNING: Unable to find an exact match for CDP version 113, so returning the closest version found: 110
]]></system-err>
  </testcase>
  <testcase name="runScenario[&quot;Select Application on Apps Tab&quot;, &quot;Access Different Apps&quot;](7)" classname="runner.TestRunner" time="9.154">
    <system-out><![CDATA[
@FilterApp
Scenario Outline: Search User Using Filter                                                                      # src/test/resources/FeatureFiles/UserAdminFilter.feature:4
  Given User signs in to application with email "Carl.Malubag@pentanasolutions.com" and password "Password123#" # stepDefinitions.LoginLogoutSteps.user_signs_in_to_application(java.lang.String,java.lang.String)
  And User clicks on Menu Icon                                                                                  # stepDefinitions.SelectAppSteps.User_clicks_on_Menu_Icon()
  And Clicks on Apps tab                                                                                        # stepDefinitions.SelectAppSteps.Clicks_on_Apps_tab()
  Then User is redirected to Applications                                                                       # stepDefinitions.SelectAppSteps.User_is_redirected_to_Applications()
  When User Clicks on a Application                                                                             # stepDefinitions.SelectAppSteps.User_Clicks_on_a_Application()
  Given User signs in to application with email "carl.malubag@pentanasolutions.com" and password "Password123#" # stepDefinitions.LoginLogoutSteps.user_signs_in_to_application(java.lang.String,java.lang.String)
  When User clicks User Admin App                                                                               # stepDefinitions.UserAdminFilterSteps.User_clicks_User_Admin_App()
  Then User Redirects to the Application Page                                                                   # stepDefinitions.SelectAppSteps.User_Redirects_to_the_Application_Page()
]]></system-out>
    <system-err><![CDATA[Starting ChromeDriver 113.0.5672.63 (0e1a4471d5ae5bf128b1bd8f4d627c8cbd55f70c-refs/branch-heads/5672@{#912}) on port 17085
Only local connections are allowed.
Please see https://chromedriver.chromium.org/security-considerations for suggestions on keeping ChromeDriver safe.
ChromeDriver was started successfully.
May 30, 2023 12:42:06 PM org.openqa.selenium.devtools.CdpVersionFinder findNearestMatch
WARNING: Unable to find an exact match for CDP version 113, so returning the closest version found: 110
]]></system-err>
  </testcase>
  <testcase name="runScenario[&quot;Search User Using Filter&quot;, &quot;Filter Search Functionality&quot;](8)" classname="runner.TestRunner" time="18.61">
    <system-out><![CDATA[
@ResetPermission
Scenario:                                                                                                       # src/test/resources/FeatureFiles/UserAdminResetPermissions.feature:10
  Then Page is Redirected to User Admin App                                                                     # stepDefinitions.UserAdminFilterSteps.Page_is_Redirected_to_User_Admin_App()
  Given User signs in to application with email "carl.malubag@pentanasolutions.com" and password "Password123#" # stepDefinitions.LoginLogoutSteps.user_signs_in_to_application(java.lang.String,java.lang.String)
  When User clicks User Admin App                                                                               # stepDefinitions.UserAdminFilterSteps.User_clicks_User_Admin_App()
  When User Clicks on Filter Button                                                                             # stepDefinitions.UserAdminFilterSteps.User_Clicks_on_Filter_Button()
  And user Enters Company Name "test"                                                                           # stepDefinitions.UserAdminFilterSteps.user_Enters_Company_Name_(java.lang.String)
  Then Page is Redirected to User Admin App                                                                     # stepDefinitions.UserAdminFilterSteps.Page_is_Redirected_to_User_Admin_App()
  And Enters Branch Name "test3a"                                                                               # stepDefinitions.UserAdminFilterSteps.Enters_Branch_Name(java.lang.String)
  Then User Verifies the Company Name "test"                                                                    # stepDefinitions.UserAdminFilterSteps.User_Verifies_the_Company_Name(java.lang.String)
  Then User Verifies the Branch Name "test3a"                                                                   # stepDefinitions.UserAdminFilterSteps.User_Verifies_the_Branch_Name(java.lang.String)
]]></system-out>
    <system-err><![CDATA[Starting ChromeDriver 113.0.5672.63 (0e1a4471d5ae5bf128b1bd8f4d627c8cbd55f70c-refs/branch-heads/5672@{#912}) on port 10226
Only local connections are allowed.
Please see https://chromedriver.chromium.org/security-considerations for suggestions on keeping ChromeDriver safe.
ChromeDriver was started successfully.
May 30, 2023 12:42:15 PM org.openqa.selenium.devtools.CdpVersionFinder findNearestMatch
WARNING: Unable to find an exact match for CDP version 113, so returning the closest version found: 110
]]></system-err>
  </testcase>
  <testcase name="runScenario[&quot;&quot;, &quot;Reset Permission Functionality&quot;](9)" classname="runner.TestRunner" time="13.436">
    <failure message="no such element: Unable to locate element: {&quot;method&quot;:&quot;css selector&quot;,&quot;selector&quot;:&quot;section &gt; button:nth-child(4)&quot;}&#10;  (Session info: chrome=113.0.5672.127)&#10;For documentation on this error, please visit: https://selenium.dev/exceptions/#no_such_element&#10;Build info: version: &apos;4.8.1&apos;, revision: &apos;8ebccac989&apos;&#10;System info: os.name: &apos;Windows 11&apos;, os.arch: &apos;amd64&apos;, os.version: &apos;10.0&apos;, java.version: &apos;17.0.6&apos;&#10;Driver info: org.openqa.selenium.chrome.ChromeDriver&#10;Command: [dfe95685b0fc1cae9177fcee268f4cf0, findChildElement {id=7D82A0CB88C48239A1718BF180221595_element_27, using=css selector, value=section &gt; button:nth-child(4)}]&#10;Capabilities {acceptInsecureCerts: false, browserName: chrome, browserVersion: 113.0.5672.127, chrome: {chromedriverVersion: 113.0.5672.63 (0e1a4471d5ae..., userDataDir: C:\Users\BABU~1.KRI\AppData...}, goog:chromeOptions: {debuggerAddress: localhost:56121}, networkConnectionEnabled: false, pageLoadStrategy: normal, platformName: WINDOWS, proxy: Proxy(), se:cdp: ws://localhost:56121/devtoo..., se:cdpVersion: 113.0.5672.127, setWindowRect: true, strictFileInteractability: false, timeouts: {implicit: 0, pageLoad: 300000, script: 30000}, unhandledPromptBehavior: dismiss and notify, webauthn:extension:credBlob: true, webauthn:extension:largeBlob: true, webauthn:extension:minPinLength: true, webauthn:extension:prf: true, webauthn:virtualAuthenticators: true}&#10;Session ID: dfe95685b0fc1cae9177fcee268f4cf0" type="org.openqa.selenium.NoSuchElementException"><![CDATA[org.openqa.selenium.NoSuchElementException: 
no such element: Unable to locate element: {"method":"css selector","selector":"section > button:nth-child(4)"}
  (Session info: chrome=113.0.5672.127)
For documentation on this error, please visit: https://selenium.dev/exceptions/#no_such_element
Build info: version: '4.8.1', revision: '8ebccac989'
System info: os.name: 'Windows 11', os.arch: 'amd64', os.version: '10.0', java.version: '17.0.6'
Driver info: org.openqa.selenium.chrome.ChromeDriver
Command: [dfe95685b0fc1cae9177fcee268f4cf0, findChildElement {id=7D82A0CB88C48239A1718BF180221595_element_27, using=css selector, value=section > button:nth-child(4)}]
Capabilities {acceptInsecureCerts: false, browserName: chrome, browserVersion: 113.0.5672.127, chrome: {chromedriverVersion: 113.0.5672.63 (0e1a4471d5ae..., userDataDir: C:\Users\BABU~1.KRI\AppData...}, goog:chromeOptions: {debuggerAddress: localhost:56121}, networkConnectionEnabled: false, pageLoadStrategy: normal, platformName: WINDOWS, proxy: Proxy(), se:cdp: ws://localhost:56121/devtoo..., se:cdpVersion: 113.0.5672.127, setWindowRect: true, strictFileInteractability: false, timeouts: {implicit: 0, pageLoad: 300000, script: 30000}, unhandledPromptBehavior: dismiss and notify, webauthn:extension:credBlob: true, webauthn:extension:largeBlob: true, webauthn:extension:minPinLength: true, webauthn:extension:prf: true, webauthn:virtualAuthenticators: true}
Session ID: dfe95685b0fc1cae9177fcee268f4cf0
	at java.base/jdk.internal.reflect.NativeConstructorAccessorImpl.newInstance0(Native Method)
	at java.base/jdk.internal.reflect.NativeConstructorAccessorImpl.newInstance(NativeConstructorAccessorImpl.java:77)
	at java.base/jdk.internal.reflect.DelegatingConstructorAccessorImpl.newInstance(DelegatingConstructorAccessorImpl.java:45)
	at java.base/java.lang.reflect.Constructor.newInstanceWithCaller(Constructor.java:499)
	at java.base/java.lang.reflect.Constructor.newInstance(Constructor.java:480)
	at org.openqa.selenium.remote.codec.w3c.W3CHttpResponseCodec.createException(W3CHttpResponseCodec.java:200)
	at org.openqa.selenium.remote.codec.w3c.W3CHttpResponseCodec.decode(W3CHttpResponseCodec.java:133)
	at org.openqa.selenium.remote.codec.w3c.W3CHttpResponseCodec.decode(W3CHttpResponseCodec.java:53)
	at org.openqa.selenium.remote.HttpCommandExecutor.execute(HttpCommandExecutor.java:184)
	at org.openqa.selenium.remote.service.DriverCommandExecutor.invokeExecute(DriverCommandExecutor.java:167)
	at org.openqa.selenium.remote.service.DriverCommandExecutor.execute(DriverCommandExecutor.java:142)
	at org.openqa.selenium.remote.RemoteWebDriver.execute(RemoteWebDriver.java:543)
	at org.openqa.selenium.remote.ElementLocation$ElementFinder$2.findElement(ElementLocation.java:162)
	at org.openqa.selenium.remote.ElementLocation.findElement(ElementLocation.java:60)
	at org.openqa.selenium.remote.RemoteWebDriver.findElement(RemoteWebDriver.java:352)
	at org.openqa.selenium.remote.RemoteWebElement.findElement(RemoteWebElement.java:227)
	at PageActions.UserAdminPageActions.clickPermissions(UserAdminPageActions.java:188)
	at stepDefinitions.UserAdminPermissionsSteps.clicks_permissions(UserAdminPermissionsSteps.java:29)
	at ✽.clicks permissions(file:///C:/Data/Bitbucket_Pentana360/src/test/resources/FeatureFiles/UserAdminResetPermissions.feature:12)
]]></failure>
    <system-out><![CDATA[
Scenario:                                                                                                       # src/test/resources/FeatureFiles/UserAdminUserPermission.feature:9
  Given User signs in to application with email "carl.malubag@pentanasolutions.com" and password "Password123#" # stepDefinitions.LoginLogoutSteps.user_signs_in_to_application(java.lang.String,java.lang.String)
  When User clicks User Admin App                                                                               # stepDefinitions.UserAdminFilterSteps.User_clicks_User_Admin_App()
  When User Selects An account "Carl-Test"                                                                      # stepDefinitions.UserAdminPermissionsSteps.User_Selects_An_account(java.lang.String)
  Then Page is Redirected to User Admin App                                                                     # stepDefinitions.UserAdminFilterSteps.Page_is_Redirected_to_User_Admin_App()
  And clicks permissions                                                                                        # stepDefinitions.UserAdminPermissionsSteps.clicks_permissions()
      org.openqa.selenium.NoSuchElementException: no such element: Unable to locate element: {"method":"css selector","selector":"section > button:nth-child(4)"}
  (Session info: chrome=113.0.5672.127)
For documentation on this error, please visit: https://selenium.dev/exceptions/#no_such_element
Build info: version: '4.8.1', revision: '8ebccac989'
System info: os.name: 'Windows 11', os.arch: 'amd64', os.version: '10.0', java.version: '17.0.6'
Driver info: org.openqa.selenium.chrome.ChromeDriver
Command: [dfe95685b0fc1cae9177fcee268f4cf0, findChildElement {id=7D82A0CB88C48239A1718BF180221595_element_27, using=css selector, value=section > button:nth-child(4)}]
Capabilities {acceptInsecureCerts: false, browserName: chrome, browserVersion: 113.0.5672.127, chrome: {chromedriverVersion: 113.0.5672.63 (0e1a4471d5ae..., userDataDir: C:\Users\BABU~1.KRI\AppData...}, goog:chromeOptions: {debuggerAddress: localhost:56121}, networkConnectionEnabled: false, pageLoadStrategy: normal, platformName: WINDOWS, proxy: Proxy(), se:cdp: ws://localhost:56121/devtoo..., se:cdpVersion: 113.0.5672.127, setWindowRect: true, strictFileInteractability: false, timeouts: {implicit: 0, pageLoad: 300000, script: 30000}, unhandledPromptBehavior: dismiss and notify, webauthn:extension:credBlob: true, webauthn:extension:largeBlob: true, webauthn:extension:minPinLength: true, webauthn:extension:prf: true, webauthn:virtualAuthenticators: true}
Session ID: dfe95685b0fc1cae9177fcee268f4cf0
	at java.base/jdk.internal.reflect.NativeConstructorAccessorImpl.newInstance0(Native Method)
	at java.base/jdk.internal.reflect.NativeConstructorAccessorImpl.newInstance(NativeConstructorAccessorImpl.java:77)
	at java.base/jdk.internal.reflect.DelegatingConstructorAccessorImpl.newInstance(DelegatingConstructorAccessorImpl.java:45)
	at java.base/java.lang.reflect.Constructor.newInstanceWithCaller(Constructor.java:499)
	at java.base/java.lang.reflect.Constructor.newInstance(Constructor.java:480)
	at org.openqa.selenium.remote.codec.w3c.W3CHttpResponseCodec.createException(W3CHttpResponseCodec.java:200)
	at org.openqa.selenium.remote.codec.w3c.W3CHttpResponseCodec.decode(W3CHttpResponseCodec.java:133)
	at org.openqa.selenium.remote.codec.w3c.W3CHttpResponseCodec.decode(W3CHttpResponseCodec.java:53)
	at org.openqa.selenium.remote.HttpCommandExecutor.execute(HttpCommandExecutor.java:184)
	at org.openqa.selenium.remote.service.DriverCommandExecutor.invokeExecute(DriverCommandExecutor.java:167)
	at org.openqa.selenium.remote.service.DriverCommandExecutor.execute(DriverCommandExecutor.java:142)
	at org.openqa.selenium.remote.RemoteWebDriver.execute(RemoteWebDriver.java:543)
	at org.openqa.selenium.remote.ElementLocation$ElementFinder$2.findElement(ElementLocation.java:162)
	at org.openqa.selenium.remote.ElementLocation.findElement(ElementLocation.java:60)
	at org.openqa.selenium.remote.RemoteWebDriver.findElement(RemoteWebDriver.java:352)
	at org.openqa.selenium.remote.RemoteWebElement.findElement(RemoteWebElement.java:227)
	at PageActions.UserAdminPageActions.clickPermissions(UserAdminPageActions.java:188)
	at stepDefinitions.UserAdminPermissionsSteps.clicks_permissions(UserAdminPermissionsSteps.java:29)
	at âœ½.clicks permissions(file:///C:/Data/Bitbucket_Pentana360/src/test/resources/FeatureFiles/UserAdminResetPermissions.feature:12)


    Embedding 1685414565644 [image/png 26562 bytes]

  Then User is on Permission Profiles                                                                           # stepDefinitions.UserAdminPermissionsSteps.User_is_on_Permission_Profiles()
  When User clicks on worksheet enable options                                                                  # stepDefinitions.UserAdminPermissionsSteps.User_clicks_on_worksheet_enable_options()
  And User goes back and click Settings                                                                         # stepDefinitions.UserAdminPermissionsSteps.User_goes_back_and_click_Settings()
  And User clicks Reset Permissions                                                                             # stepDefinitions.UserAdminPermissionsSteps.User_clicks_Reset_Permissions()
  Then the Permissions that have been enabled will be disabled                                                  # stepDefinitions.UserAdminPermissionsSteps.the_Permissions_that_have_been_enabled_will_be_disabled()
]]></system-out>
    <system-err><![CDATA[Starting ChromeDriver 113.0.5672.63 (0e1a4471d5ae5bf128b1bd8f4d627c8cbd55f70c-refs/branch-heads/5672@{#912}) on port 48675
Only local connections are allowed.
Please see https://chromedriver.chromium.org/security-considerations for suggestions on keeping ChromeDriver safe.
ChromeDriver was started successfully.
May 30, 2023 12:42:34 PM org.openqa.selenium.devtools.CdpVersionFinder findNearestMatch
WARNING: Unable to find an exact match for CDP version 113, so returning the closest version found: 110
]]></system-err>
  </testcase>
  <testcase name="runScenario[&quot;&quot;, &quot;Enable/Disable Permission Functionality&quot;](10)" classname="runner.TestRunner" time="18.262">
    <failure message="no such element: Unable to locate element: {&quot;method&quot;:&quot;css selector&quot;,&quot;selector&quot;:&quot;section &gt; button:nth-child(4)&quot;}&#10;  (Session info: chrome=113.0.5672.127)&#10;For documentation on this error, please visit: https://selenium.dev/exceptions/#no_such_element&#10;Build info: version: &apos;4.8.1&apos;, revision: &apos;8ebccac989&apos;&#10;System info: os.name: &apos;Windows 11&apos;, os.arch: &apos;amd64&apos;, os.version: &apos;10.0&apos;, java.version: &apos;17.0.6&apos;&#10;Driver info: org.openqa.selenium.chrome.ChromeDriver&#10;Command: [9f7b88bd8426cd97c9bd5205490afdbf, findChildElement {id=7A0AC6B0205344142676C17F59015819_element_26, using=css selector, value=section &gt; button:nth-child(4)}]&#10;Capabilities {acceptInsecureCerts: false, browserName: chrome, browserVersion: 113.0.5672.127, chrome: {chromedriverVersion: 113.0.5672.63 (0e1a4471d5ae..., userDataDir: C:\Users\BABU~1.KRI\AppData...}, goog:chromeOptions: {debuggerAddress: localhost:56191}, networkConnectionEnabled: false, pageLoadStrategy: normal, platformName: WINDOWS, proxy: Proxy(), se:cdp: ws://localhost:56191/devtoo..., se:cdpVersion: 113.0.5672.127, setWindowRect: true, strictFileInteractability: false, timeouts: {implicit: 0, pageLoad: 300000, script: 30000}, unhandledPromptBehavior: dismiss and notify, webauthn:extension:credBlob: true, webauthn:extension:largeBlob: true, webauthn:extension:minPinLength: true, webauthn:extension:prf: true, webauthn:virtualAuthenticators: true}&#10;Session ID: 9f7b88bd8426cd97c9bd5205490afdbf" type="org.openqa.selenium.NoSuchElementException"><![CDATA[org.openqa.selenium.NoSuchElementException: 
no such element: Unable to locate element: {"method":"css selector","selector":"section > button:nth-child(4)"}
  (Session info: chrome=113.0.5672.127)
For documentation on this error, please visit: https://selenium.dev/exceptions/#no_such_element
Build info: version: '4.8.1', revision: '8ebccac989'
System info: os.name: 'Windows 11', os.arch: 'amd64', os.version: '10.0', java.version: '17.0.6'
Driver info: org.openqa.selenium.chrome.ChromeDriver
Command: [9f7b88bd8426cd97c9bd5205490afdbf, findChildElement {id=7A0AC6B0205344142676C17F59015819_element_26, using=css selector, value=section > button:nth-child(4)}]
Capabilities {acceptInsecureCerts: false, browserName: chrome, browserVersion: 113.0.5672.127, chrome: {chromedriverVersion: 113.0.5672.63 (0e1a4471d5ae..., userDataDir: C:\Users\BABU~1.KRI\AppData...}, goog:chromeOptions: {debuggerAddress: localhost:56191}, networkConnectionEnabled: false, pageLoadStrategy: normal, platformName: WINDOWS, proxy: Proxy(), se:cdp: ws://localhost:56191/devtoo..., se:cdpVersion: 113.0.5672.127, setWindowRect: true, strictFileInteractability: false, timeouts: {implicit: 0, pageLoad: 300000, script: 30000}, unhandledPromptBehavior: dismiss and notify, webauthn:extension:credBlob: true, webauthn:extension:largeBlob: true, webauthn:extension:minPinLength: true, webauthn:extension:prf: true, webauthn:virtualAuthenticators: true}
Session ID: 9f7b88bd8426cd97c9bd5205490afdbf
	at java.base/jdk.internal.reflect.NativeConstructorAccessorImpl.newInstance0(Native Method)
	at java.base/jdk.internal.reflect.NativeConstructorAccessorImpl.newInstance(NativeConstructorAccessorImpl.java:77)
	at java.base/jdk.internal.reflect.DelegatingConstructorAccessorImpl.newInstance(DelegatingConstructorAccessorImpl.java:45)
	at java.base/java.lang.reflect.Constructor.newInstanceWithCaller(Constructor.java:499)
	at java.base/java.lang.reflect.Constructor.newInstance(Constructor.java:480)
	at org.openqa.selenium.remote.codec.w3c.W3CHttpResponseCodec.createException(W3CHttpResponseCodec.java:200)
	at org.openqa.selenium.remote.codec.w3c.W3CHttpResponseCodec.decode(W3CHttpResponseCodec.java:133)
	at org.openqa.selenium.remote.codec.w3c.W3CHttpResponseCodec.decode(W3CHttpResponseCodec.java:53)
	at org.openqa.selenium.remote.HttpCommandExecutor.execute(HttpCommandExecutor.java:184)
	at org.openqa.selenium.remote.service.DriverCommandExecutor.invokeExecute(DriverCommandExecutor.java:167)
	at org.openqa.selenium.remote.service.DriverCommandExecutor.execute(DriverCommandExecutor.java:142)
	at org.openqa.selenium.remote.RemoteWebDriver.execute(RemoteWebDriver.java:543)
	at org.openqa.selenium.remote.ElementLocation$ElementFinder$2.findElement(ElementLocation.java:162)
	at org.openqa.selenium.remote.ElementLocation.findElement(ElementLocation.java:60)
	at org.openqa.selenium.remote.RemoteWebDriver.findElement(RemoteWebDriver.java:352)
	at org.openqa.selenium.remote.RemoteWebElement.findElement(RemoteWebElement.java:227)
	at PageActions.UserAdminPageActions.clickPermissions(UserAdminPageActions.java:188)
	at stepDefinitions.UserAdminPermissionsSteps.clicks_permissions(UserAdminPermissionsSteps.java:29)
	at ✽.clicks permissions(file:///C:/Data/Bitbucket_Pentana360/src/test/resources/FeatureFiles/UserAdminUserPermission.feature:11)
]]></failure>
    <system-out><![CDATA[
@adminSearch
Scenario: Verify user is able to search and find user in the User Administration app using name                    # src/test/resources/FeatureFiles/UsersAdminSearch.feature:11
  Given User signs in to application with email "iconbyl.vergara@pentanasolutions.com" and password "Testing!1234" # stepDefinitions.LoginLogoutSteps.user_signs_in_to_application(java.lang.String,java.lang.String)
  Then User is able to Sign in successfully                                                                        # stepDefinitions.LoginLogoutSteps.user_is_able_to_sign_in_successfully()
  When User is able to see the User Administration button                                                          # stepDefinitions.UserAdministrationSteps.user_is_able_to_see_the_user_administration_button()
  And User clicks the User Administration button                                                                   # stepDefinitions.UserAdministrationSteps.user_clicks_the_user_administration_button()
  Then User is able to access the User Administration app                                                          # stepDefinitions.UserAdministrationSteps.user_is_able_to_access_the_user_administration_app()
  When User Selects An account "Carl-Test"                                                                      # stepDefinitions.UserAdminPermissionsSteps.User_Selects_An_account(java.lang.String)
  And clicks permissions                                                                                        # stepDefinitions.UserAdminPermissionsSteps.clicks_permissions()
      org.openqa.selenium.NoSuchElementException: no such element: Unable to locate element: {"method":"css selector","selector":"section > button:nth-child(4)"}
  (Session info: chrome=113.0.5672.127)
For documentation on this error, please visit: https://selenium.dev/exceptions/#no_such_element
Build info: version: '4.8.1', revision: '8ebccac989'
System info: os.name: 'Windows 11', os.arch: 'amd64', os.version: '10.0', java.version: '17.0.6'
Driver info: org.openqa.selenium.chrome.ChromeDriver
Command: [9f7b88bd8426cd97c9bd5205490afdbf, findChildElement {id=7A0AC6B0205344142676C17F59015819_element_26, using=css selector, value=section > button:nth-child(4)}]
Capabilities {acceptInsecureCerts: false, browserName: chrome, browserVersion: 113.0.5672.127, chrome: {chromedriverVersion: 113.0.5672.63 (0e1a4471d5ae..., userDataDir: C:\Users\BABU~1.KRI\AppData...}, goog:chromeOptions: {debuggerAddress: localhost:56191}, networkConnectionEnabled: false, pageLoadStrategy: normal, platformName: WINDOWS, proxy: Proxy(), se:cdp: ws://localhost:56191/devtoo..., se:cdpVersion: 113.0.5672.127, setWindowRect: true, strictFileInteractability: false, timeouts: {implicit: 0, pageLoad: 300000, script: 30000}, unhandledPromptBehavior: dismiss and notify, webauthn:extension:credBlob: true, webauthn:extension:largeBlob: true, webauthn:extension:minPinLength: true, webauthn:extension:prf: true, webauthn:virtualAuthenticators: true}
Session ID: 9f7b88bd8426cd97c9bd5205490afdbf
	at java.base/jdk.internal.reflect.NativeConstructorAccessorImpl.newInstance0(Native Method)
	at java.base/jdk.internal.reflect.NativeConstructorAccessorImpl.newInstance(NativeConstructorAccessorImpl.java:77)
	at java.base/jdk.internal.reflect.DelegatingConstructorAccessorImpl.newInstance(DelegatingConstructorAccessorImpl.java:45)
	at java.base/java.lang.reflect.Constructor.newInstanceWithCaller(Constructor.java:499)
	at java.base/java.lang.reflect.Constructor.newInstance(Constructor.java:480)
	at org.openqa.selenium.remote.codec.w3c.W3CHttpResponseCodec.createException(W3CHttpResponseCodec.java:200)
	at org.openqa.selenium.remote.codec.w3c.W3CHttpResponseCodec.decode(W3CHttpResponseCodec.java:133)
	at org.openqa.selenium.remote.codec.w3c.W3CHttpResponseCodec.decode(W3CHttpResponseCodec.java:53)
	at org.openqa.selenium.remote.HttpCommandExecutor.execute(HttpCommandExecutor.java:184)
	at org.openqa.selenium.remote.service.DriverCommandExecutor.invokeExecute(DriverCommandExecutor.java:167)
	at org.openqa.selenium.remote.service.DriverCommandExecutor.execute(DriverCommandExecutor.java:142)
	at org.openqa.selenium.remote.RemoteWebDriver.execute(RemoteWebDriver.java:543)
	at org.openqa.selenium.remote.ElementLocation$ElementFinder$2.findElement(ElementLocation.java:162)
	at org.openqa.selenium.remote.ElementLocation.findElement(ElementLocation.java:60)
	at org.openqa.selenium.remote.RemoteWebDriver.findElement(RemoteWebDriver.java:352)
	at org.openqa.selenium.remote.RemoteWebElement.findElement(RemoteWebElement.java:227)
	at PageActions.UserAdminPageActions.clickPermissions(UserAdminPageActions.java:188)
	at stepDefinitions.UserAdminPermissionsSteps.clicks_permissions(UserAdminPermissionsSteps.java:29)
	at âœ½.clicks permissions(file:///C:/Data/Bitbucket_Pentana360/src/test/resources/FeatureFiles/UserAdminUserPermission.feature:11)


    Embedding 1685414584181 [image/png 26562 bytes]

  Then User is on Permission Profiles                                                                           # stepDefinitions.UserAdminPermissionsSteps.User_is_on_Permission_Profiles()
  When User clicks on worksheet enable options                                                                  # stepDefinitions.UserAdminPermissionsSteps.User_clicks_on_worksheet_enable_options()
  And User goes back and click Worksheet                                                                        # stepDefinitions.UserAdminPermissionsSteps.User_goes_back_and_click_Worksheet()
  Then User can disable worksheet options                                                                       # stepDefinitions.UserAdminPermissionsSteps.User_can_disable_worksheet_options()
]]></system-out>
    <system-err><![CDATA[Starting ChromeDriver 113.0.5672.63 (0e1a4471d5ae5bf128b1bd8f4d627c8cbd55f70c-refs/branch-heads/5672@{#912}) on port 21314
Only local connections are allowed.
Please see https://chromedriver.chromium.org/security-considerations for suggestions on keeping ChromeDriver safe.
ChromeDriver was started successfully.
May 30, 2023 12:42:47 PM org.openqa.selenium.devtools.CdpVersionFinder findNearestMatch
WARNING: Unable to find an exact match for CDP version 113, so returning the closest version found: 110
]]></system-err>
  </testcase>
  <testcase name="runScenario[&quot;Verify user is able to search and find user in the User Administration app using name&quot;, &quot;User Administration App&quot;](11)" classname="runner.TestRunner" time="7.927">
    <system-out><![CDATA[
@adminSearch
Scenario: Verify user is able to search and find user in the User Administration app using role                    # src/test/resources/FeatureFiles/UsersAdminSearch.feature:15
  Given User signs in to application with email "iconbyl.vergara@pentanasolutions.com" and password "Testing!1234" # stepDefinitions.LoginLogoutSteps.user_signs_in_to_application(java.lang.String,java.lang.String)
  Then User is able to Sign in successfully                                                                        # stepDefinitions.LoginLogoutSteps.user_is_able_to_sign_in_successfully()
  When User is able to see the User Administration button                                                          # stepDefinitions.UserAdministrationSteps.user_is_able_to_see_the_user_administration_button()
  And User clicks the User Administration button                                                                   # stepDefinitions.UserAdministrationSteps.user_clicks_the_user_administration_button()
  When User searches "Icon Vergara"                                                                                # stepDefinitions.UserAdministrationSteps.user_searches(java.lang.String)
  Then Search results displays the user with "Icon Vergara"                                                        # stepDefinitions.UserAdministrationSteps.search_results_displays_the_user_with(java.lang.String)
]]></system-out>
    <system-err><![CDATA[Starting ChromeDriver 113.0.5672.63 (0e1a4471d5ae5bf128b1bd8f4d627c8cbd55f70c-refs/branch-heads/5672@{#912}) on port 31998
Only local connections are allowed.
Please see https://chromedriver.chromium.org/security-considerations for suggestions on keeping ChromeDriver safe.
ChromeDriver was started successfully.
May 30, 2023 12:43:06 PM org.openqa.selenium.devtools.CdpVersionFinder findNearestMatch
WARNING: Unable to find an exact match for CDP version 113, so returning the closest version found: 110
]]></system-err>
  </testcase>
  <testcase name="runScenario[&quot;Verify user is able to search and find user in the User Administration app using role&quot;, &quot;User Administration App&quot;](12)" classname="runner.TestRunner" time="18.167">
    <system-out><![CDATA[
@adminSearch
Scenario: Verify user is able to search and find user in the User Administration app using email                   # src/test/resources/FeatureFiles/UsersAdminSearch.feature:19
  Then User is able to access the User Administration app                                                          # stepDefinitions.UserAdministrationSteps.user_is_able_to_access_the_user_administration_app()
  Given User signs in to application with email "iconbyl.vergara@pentanasolutions.com" and password "Testing!1234" # stepDefinitions.LoginLogoutSteps.user_signs_in_to_application(java.lang.String,java.lang.String)
  Then User is able to Sign in successfully                                                                        # stepDefinitions.LoginLogoutSteps.user_is_able_to_sign_in_successfully()
  When User is able to see the User Administration button                                                          # stepDefinitions.UserAdministrationSteps.user_is_able_to_see_the_user_administration_button()
  And User clicks the User Administration button                                                                   # stepDefinitions.UserAdministrationSteps.user_clicks_the_user_administration_button()
  Then User is able to access the User Administration app                                                          # stepDefinitions.UserAdministrationSteps.user_is_able_to_access_the_user_administration_app()
  When User searches "QA"                                                                                          # stepDefinitions.UserAdministrationSteps.user_searches(java.lang.String)
  Then Search results displays the user with "Icon Vergara"                                                        # stepDefinitions.UserAdministrationSteps.search_results_displays_the_user_with(java.lang.String)
]]></system-out>
    <system-err><![CDATA[Starting ChromeDriver 113.0.5672.63 (0e1a4471d5ae5bf128b1bd8f4d627c8cbd55f70c-refs/branch-heads/5672@{#912}) on port 37024
Only local connections are allowed.
Please see https://chromedriver.chromium.org/security-considerations for suggestions on keeping ChromeDriver safe.
ChromeDriver was started successfully.
May 30, 2023 12:43:14 PM org.openqa.selenium.devtools.CdpVersionFinder findNearestMatch
WARNING: Unable to find an exact match for CDP version 113, so returning the closest version found: 110
]]></system-err>
  </testcase>
  <testcase name="runScenario[&quot;Verify user is able to search and find user in the User Administration app using email&quot;, &quot;User Administration App&quot;](13)" classname="runner.TestRunner" time="8.067">
    <system-out><![CDATA[
@adminSearch
Scenario: Verify user is able to search and not find user in the User Administration app with no matching details  # src/test/resources/FeatureFiles/UsersAdminSearch.feature:23
  Given User signs in to application with email "iconbyl.vergara@pentanasolutions.com" and password "Testing!1234" # stepDefinitions.LoginLogoutSteps.user_signs_in_to_application(java.lang.String,java.lang.String)
  Then User is able to Sign in successfully                                                                        # stepDefinitions.LoginLogoutSteps.user_is_able_to_sign_in_successfully()
  When User is able to see the User Administration button                                                          # stepDefinitions.UserAdministrationSteps.user_is_able_to_see_the_user_administration_button()
  And User clicks the User Administration button                                                                   # stepDefinitions.UserAdministrationSteps.user_clicks_the_user_administration_button()
  When User searches "iconbyl.vergara@pentanasolutions.com"                                                        # stepDefinitions.UserAdministrationSteps.user_searches(java.lang.String)
  Then Search results displays the user with "Icon Vergara"                                                        # stepDefinitions.UserAdministrationSteps.search_results_displays_the_user_with(java.lang.String)
]]></system-out>
    <system-err><![CDATA[Starting ChromeDriver 113.0.5672.63 (0e1a4471d5ae5bf128b1bd8f4d627c8cbd55f70c-refs/branch-heads/5672@{#912}) on port 45750
Only local connections are allowed.
Please see https://chromedriver.chromium.org/security-considerations for suggestions on keeping ChromeDriver safe.
ChromeDriver was started successfully.
May 30, 2023 12:43:32 PM org.openqa.selenium.devtools.CdpVersionFinder findNearestMatch
WARNING: Unable to find an exact match for CDP version 113, so returning the closest version found: 110
]]></system-err>
  </testcase>
  <testcase name="runScenario[&quot;Verify user is able to access User Administration app&quot;, &quot;User Administration App&quot;](14)" classname="runner.TestRunner" time="12.2">
    <system-out><![CDATA[
@userAdmin
Scenario Outline: Verify user is able to access User Administration app                                           # src/test/resources/FeatureFiles/UsersAdministration.feature:13
  Then User is able to access the User Administration app                                                          # stepDefinitions.UserAdministrationSteps.user_is_able_to_access_the_user_administration_app()
  Given User signs in to application with email "Sameer.Tamboli+1@pentanacontractor.com" and password "Test1234!" # stepDefinitions.LoginLogoutSteps.user_signs_in_to_application(java.lang.String,java.lang.String)
  Then User is able to Sign in successfully                                                                       # stepDefinitions.LoginLogoutSteps.user_is_able_to_sign_in_successfully()
  When User is able to see the User Administration button                                                         # stepDefinitions.UserAdministrationSteps.user_is_able_to_see_the_user_administration_button()
  And User clicks the User Administration button                                                                  # stepDefinitions.UserAdministrationSteps.user_clicks_the_user_administration_button()
  Then User is able to access the User Administration app                                                         # stepDefinitions.UserAdministrationSteps.user_is_able_to_access_the_user_administration_app()
]]></system-out>
    <system-err><![CDATA[Starting ChromeDriver 113.0.5672.63 (0e1a4471d5ae5bf128b1bd8f4d627c8cbd55f70c-refs/branch-heads/5672@{#912}) on port 41372
Only local connections are allowed.
Please see https://chromedriver.chromium.org/security-considerations for suggestions on keeping ChromeDriver safe.
ChromeDriver was started successfully.
May 30, 2023 12:43:40 PM org.openqa.selenium.devtools.CdpVersionFinder findNearestMatch
WARNING: Unable to find an exact match for CDP version 113, so returning the closest version found: 110
]]></system-err>
  </testcase>
  <testcase name="runScenario[&quot;Verify user is able to search and not find user in the User Administration app with no matching details&quot;, &quot;User Administration App&quot;](15)" classname="runner.TestRunner" time="6.563">
    <system-out><![CDATA[
@createUser
Scenario: Verify admin is able to create user                                                            # src/test/resources/FeatureFiles/UsersCreation.feature:4
  When User searches "test"                                                                                        # stepDefinitions.UserAdministrationSteps.user_searches(java.lang.String)
  Then Search results do not contain the user with "Icon Vergara"                                                  # stepDefinitions.UserAdministrationSteps.search_results_do_not_contain_the_user_with(java.lang.String)
]]></system-out>
    <system-err><![CDATA[Starting ChromeDriver 113.0.5672.63 (0e1a4471d5ae5bf128b1bd8f4d627c8cbd55f70c-refs/branch-heads/5672@{#912}) on port 11638
Only local connections are allowed.
Please see https://chromedriver.chromium.org/security-considerations for suggestions on keeping ChromeDriver safe.
ChromeDriver was started successfully.
May 30, 2023 12:43:52 PM org.openqa.selenium.devtools.CdpVersionFinder findNearestMatch
WARNING: Unable to find an exact match for CDP version 113, so returning the closest version found: 110
]]></system-err>
  </testcase>
  <testcase name="runScenario[&quot;Verify admin is able to create user&quot;, &quot;User Administration App Create Users&quot;](16)" classname="runner.TestRunner" time="14.217">
    <system-out><![CDATA[  Given User signs in to application with email "Icon.Vergara@automationqa.com" and password "Welcome@1" # stepDefinitions.LoginLogoutSteps.user_signs_in_to_application(java.lang.String,java.lang.String)
  Then User is able to Sign in successfully                                                              # stepDefinitions.LoginLogoutSteps.user_is_able_to_sign_in_successfully()
  When User is able to see the User Administration button                                                # stepDefinitions.UserAdministrationSteps.user_is_able_to_see_the_user_administration_button()
  And User clicks the User Administration button                                                         # stepDefinitions.UserAdministrationSteps.user_clicks_the_user_administration_button()
  Then User is able to access the User Administration app                                                # stepDefinitions.UserAdministrationSteps.user_is_able_to_access_the_user_administration_app()
  When User clicks New user button                                                                       # stepDefinitions.UsersCreationSteps.user_clicks_new_user_button()
  Then User is redirected to New user page                                                               # stepDefinitions.UsersCreationSteps.user_is_redirected_to_new_user_page()
  When User enters new full name                                                                         # stepDefinitions.UsersCreationSteps.user_enters_full_name()
  And User enters new email                                                                              # stepDefinitions.UsersCreationSteps.user_enters_new_email()
  And User enters job title "QA"                                                                         # stepDefinitions.UsersCreationSteps.user_enters_job_title(java.lang.String)
  And User enters role "user"                                                                            # stepDefinitions.UsersCreationSteps.user_enters_role(java.lang.String)
  And User clicks continue                                                                               # stepDefinitions.UsersCreationSteps.user_clicks_continue()
  Then User is redirected to Selected companies and branches page                                        # stepDefinitions.UsersCreationSteps.user_is_redirected_to_selected_companies_and_branches_page()
  When User selects "QAAutomationS02"                                                                    # stepDefinitions.UsersCreationSteps.user_selects(java.lang.String)
  And User clicks save button                                                                            # stepDefinitions.UsersCreationSteps.user_clicks_save_button()
  Then Notification that user has been created is shown                                                  # stepDefinitions.UsersCreationSteps.notification_that_user_has_been_created_is_shown()
]]></system-out>
  </testcase>
</testsuite>