<?xml version="1.0" encoding="UTF-8"?>
<testsuite xmlns:xsi="http://www.w3.org/2001/XMLSchema-instance" xsi:noNamespaceSchemaLocation="https://maven.apache.org/surefire/maven-surefire-plugin/xsd/surefire-test-report-3.0.xsd" version="3.0" name="TestSuite" time="163.181" tests="16" errors="0" skipped="0" failures="2">
  <properties>
    <property name="java.specification.version" value="17"/>
    <property name="sun.cpu.isalist" value="amd64"/>
    <property name="sun.jnu.encoding" value="Cp1252"/>
    <property name="java.class.path" value="C:\Data\Bitbucket_Pentana360\target\test-classes;C:\Data\Bitbucket_Pentana360\target\classes;C:\Users\Babu.Krishnaraju\.m2\repository\io\cucumber\cucumber-java\7.11.2\cucumber-java-7.11.2.jar;C:\Users\Babu.Krishnaraju\.m2\repository\io\cucumber\cucumber-core\7.11.2\cucumber-core-7.11.2.jar;C:\Users\Babu.Krishnaraju\.m2\repository\io\cucumber\cucumber-gherkin\7.11.2\cucumber-gherkin-7.11.2.jar;C:\Users\Babu.Krishnaraju\.m2\repository\io\cucumber\cucumber-gherkin-messages\7.11.2\cucumber-gherkin-messages-7.11.2.jar;C:\Users\Babu.Krishnaraju\.m2\repository\io\cucumber\gherkin\26.0.3\gherkin-26.0.3.jar;C:\Users\Babu.Krishnaraju\.m2\repository\io\cucumber\messages\21.0.1\messages-21.0.1.jar;C:\Users\Babu.Krishnaraju\.m2\repository\io\cucumber\tag-expressions\5.0.1\tag-expressions-5.0.1.jar;C:\Users\Babu.Krishnaraju\.m2\repository\io\cucumber\cucumber-expressions\16.1.2\cucumber-expressions-16.1.2.jar;C:\Users\Babu.Krishnaraju\.m2\repository\io\cucumber\datatable\7.11.2\datatable-7.11.2.jar;C:\Users\Babu.Krishnaraju\.m2\repository\io\cucumber\cucumber-plugin\7.11.2\cucumber-plugin-7.11.2.jar;C:\Users\Babu.Krishnaraju\.m2\repository\io\cucumber\docstring\7.11.2\docstring-7.11.2.jar;C:\Users\Babu.Krishnaraju\.m2\repository\io\cucumber\html-formatter\20.2.1\html-formatter-20.2.1.jar;C:\Users\Babu.Krishnaraju\.m2\repository\io\cucumber\junit-xml-formatter\0.1.0\junit-xml-formatter-0.1.0.jar;C:\Users\Babu.Krishnaraju\.m2\repository\io\cucumber\ci-environment\9.1.0\ci-environment-9.1.0.jar;C:\Users\Babu.Krishnaraju\.m2\repository\org\apiguardian\apiguardian-api\1.1.2\apiguardian-api-1.1.2.jar;C:\Users\Babu.Krishnaraju\.m2\repository\com\aventstack\extentreports\5.0.9\extentreports-5.0.9.jar;C:\Users\Babu.Krishnaraju\.m2\repository\io\reactivex\rxjava3\rxjava\3.0.4\rxjava-3.0.4.jar;C:\Users\Babu.Krishnaraju\.m2\repository\org\reactivestreams\reactive-streams\1.0.3\reactive-streams-1.0.3.jar;C:\Users\Babu.Krishnaraju\.m2\repository\org\freemarker\freemarker\2.3.30\freemarker-2.3.30.jar;C:\Users\Babu.Krishnaraju\.m2\repository\com\google\code\gson\gson\2.8.6\gson-2.8.6.jar;C:\Users\Babu.Krishnaraju\.m2\repository\commons-io\commons-io\2.11.0\commons-io-2.11.0.jar;C:\Users\Babu.Krishnaraju\.m2\repository\io\cucumber\cucumber-picocontainer\7.11.2\cucumber-picocontainer-7.11.2.jar;C:\Users\Babu.Krishnaraju\.m2\repository\org\picocontainer\picocontainer\2.15\picocontainer-2.15.jar;C:\Users\Babu.Krishnaraju\.m2\repository\io\cucumber\cucumber-testng\7.11.2\cucumber-testng-7.11.2.jar;C:\Users\Babu.Krishnaraju\.m2\repository\org\seleniumhq\selenium\selenium-java\4.8.1\selenium-java-4.8.1.jar;C:\Users\Babu.Krishnaraju\.m2\repository\org\seleniumhq\selenium\selenium-api\4.8.1\selenium-api-4.8.1.jar;C:\Users\Babu.Krishnaraju\.m2\repository\org\seleniumhq\selenium\selenium-chrome-driver\4.8.1\selenium-chrome-driver-4.8.1.jar;C:\Users\Babu.Krishnaraju\.m2\repository\com\google\auto\service\auto-service-annotations\1.0.1\auto-service-annotations-1.0.1.jar;C:\Users\Babu.Krishnaraju\.m2\repository\com\google\auto\service\auto-service\1.0.1\auto-service-1.0.1.jar;C:\Users\Babu.Krishnaraju\.m2\repository\com\google\auto\auto-common\1.2\auto-common-1.2.jar;C:\Users\Babu.Krishnaraju\.m2\repository\com\google\guava\guava\31.1-jre\guava-31.1-jre.jar;C:\Users\Babu.Krishnaraju\.m2\repository\com\google\guava\failureaccess\1.0.1\failureaccess-1.0.1.jar;C:\Users\Babu.Krishnaraju\.m2\repository\com\google\guava\listenablefuture\9999.0-empty-to-avoid-conflict-with-guava\listenablefuture-9999.0-empty-to-avoid-conflict-with-guava.jar;C:\Users\Babu.Krishnaraju\.m2\repository\com\google\code\findbugs\jsr305\3.0.2\jsr305-3.0.2.jar;C:\Users\Babu.Krishnaraju\.m2\repository\org\checkerframework\checker-qual\3.12.0\checker-qual-3.12.0.jar;C:\Users\Babu.Krishnaraju\.m2\repository\com\google\errorprone\error_prone_annotations\2.11.0\error_prone_annotations-2.11.0.jar;C:\Users\Babu.Krishnaraju\.m2\repository\com\google\j2objc\j2objc-annotations\1.3\j2objc-annotations-1.3.jar;C:\Users\Babu.Krishnaraju\.m2\repository\org\seleniumhq\selenium\selenium-chromium-driver\4.8.1\selenium-chromium-driver-4.8.1.jar;C:\Users\Babu.Krishnaraju\.m2\repository\org\seleniumhq\selenium\selenium-json\4.8.1\selenium-json-4.8.1.jar;C:\Users\Babu.Krishnaraju\.m2\repository\org\seleniumhq\selenium\selenium-devtools-v108\4.8.1\selenium-devtools-v108-4.8.1.jar;C:\Users\Babu.Krishnaraju\.m2\repository\org\seleniumhq\selenium\selenium-devtools-v109\4.8.1\selenium-devtools-v109-4.8.1.jar;C:\Users\Babu.Krishnaraju\.m2\repository\org\seleniumhq\selenium\selenium-devtools-v110\4.8.1\selenium-devtools-v110-4.8.1.jar;C:\Users\Babu.Krishnaraju\.m2\repository\org\seleniumhq\selenium\selenium-devtools-v85\4.8.1\selenium-devtools-v85-4.8.1.jar;C:\Users\Babu.Krishnaraju\.m2\repository\org\seleniumhq\selenium\selenium-edge-driver\4.8.1\selenium-edge-driver-4.8.1.jar;C:\Users\Babu.Krishnaraju\.m2\repository\org\seleniumhq\selenium\selenium-firefox-driver\4.8.1\selenium-firefox-driver-4.8.1.jar;C:\Users\Babu.Krishnaraju\.m2\repository\org\seleniumhq\selenium\selenium-http\4.8.1\selenium-http-4.8.1.jar;C:\Users\Babu.Krishnaraju\.m2\repository\dev\failsafe\failsafe\3.3.0\failsafe-3.3.0.jar;C:\Users\Babu.Krishnaraju\.m2\repository\org\seleniumhq\selenium\selenium-ie-driver\4.8.1\selenium-ie-driver-4.8.1.jar;C:\Users\Babu.Krishnaraju\.m2\repository\org\seleniumhq\selenium\selenium-remote-driver\4.8.1\selenium-remote-driver-4.8.1.jar;C:\Users\Babu.Krishnaraju\.m2\repository\io\netty\netty-buffer\4.1.87.Final\netty-buffer-4.1.87.Final.jar;C:\Users\Babu.Krishnaraju\.m2\repository\io\netty\netty-codec-http\4.1.87.Final\netty-codec-http-4.1.87.Final.jar;C:\Users\Babu.Krishnaraju\.m2\repository\io\netty\netty-codec\4.1.87.Final\netty-codec-4.1.87.Final.jar;C:\Users\Babu.Krishnaraju\.m2\repository\io\netty\netty-handler\4.1.87.Final\netty-handler-4.1.87.Final.jar;C:\Users\Babu.Krishnaraju\.m2\repository\io\netty\netty-common\4.1.87.Final\netty-common-4.1.87.Final.jar;C:\Users\Babu.Krishnaraju\.m2\repository\io\netty\netty-transport-classes-epoll\4.1.87.Final\netty-transport-classes-epoll-4.1.87.Final.jar;C:\Users\Babu.Krishnaraju\.m2\repository\io\netty\netty-transport-classes-kqueue\4.1.87.Final\netty-transport-classes-kqueue-4.1.87.Final.jar;C:\Users\Babu.Krishnaraju\.m2\repository\io\netty\netty-transport-native-epoll\4.1.87.Final\netty-transport-native-epoll-4.1.87.Final.jar;C:\Users\Babu.Krishnaraju\.m2\repository\io\netty\netty-transport-native-kqueue\4.1.87.Final\netty-transport-native-kqueue-4.1.87.Final.jar;C:\Users\Babu.Krishnaraju\.m2\repository\io\netty\netty-transport-native-unix-common\4.1.87.Final\netty-transport-native-unix-common-4.1.87.Final.jar;C:\Users\Babu.Krishnaraju\.m2\repository\io\netty\netty-transport\4.1.87.Final\netty-transport-4.1.87.Final.jar;C:\Users\Babu.Krishnaraju\.m2\repository\io\netty\netty-resolver\4.1.87.Final\netty-resolver-4.1.87.Final.jar;C:\Users\Babu.Krishnaraju\.m2\repository\io\opentelemetry\opentelemetry-api\1.22.0\opentelemetry-api-1.22.0.jar;C:\Users\Babu.Krishnaraju\.m2\repository\io\opentelemetry\opentelemetry-context\1.22.0\opentelemetry-context-1.22.0.jar;C:\Users\Babu.Krishnaraju\.m2\repository\io\opentelemetry\opentelemetry-exporter-logging\1.22.0\opentelemetry-exporter-logging-1.22.0.jar;C:\Users\Babu.Krishnaraju\.m2\repository\io\opentelemetry\opentelemetry-sdk-metrics\1.22.0\opentelemetry-sdk-metrics-1.22.0.jar;C:\Users\Babu.Krishnaraju\.m2\repository\io\opentelemetry\opentelemetry-sdk-logs\1.22.0-alpha\opentelemetry-sdk-logs-1.22.0-alpha.jar;C:\Users\Babu.Krishnaraju\.m2\repository\io\opentelemetry\opentelemetry-api-logs\1.22.0-alpha\opentelemetry-api-logs-1.22.0-alpha.jar;C:\Users\Babu.Krishnaraju\.m2\repository\io\opentelemetry\opentelemetry-sdk-common\1.22.0\opentelemetry-sdk-common-1.22.0.jar;C:\Users\Babu.Krishnaraju\.m2\repository\io\opentelemetry\opentelemetry-sdk-extension-autoconfigure-spi\1.22.0\opentelemetry-sdk-extension-autoconfigure-spi-1.22.0.jar;C:\Users\Babu.Krishnaraju\.m2\repository\io\opentelemetry\opentelemetry-sdk-extension-autoconfigure\1.22.0-alpha\opentelemetry-sdk-extension-autoconfigure-1.22.0-alpha.jar;C:\Users\Babu.Krishnaraju\.m2\repository\io\opentelemetry\opentelemetry-sdk-trace\1.22.0\opentelemetry-sdk-trace-1.22.0.jar;C:\Users\Babu.Krishnaraju\.m2\repository\io\opentelemetry\opentelemetry-sdk\1.22.0\opentelemetry-sdk-1.22.0.jar;C:\Users\Babu.Krishnaraju\.m2\repository\io\opentelemetry\opentelemetry-semconv\1.22.0-alpha\opentelemetry-semconv-1.22.0-alpha.jar;C:\Users\Babu.Krishnaraju\.m2\repository\io\ous\jtoml\2.0.0\jtoml-2.0.0.jar;C:\Users\Babu.Krishnaraju\.m2\repository\net\bytebuddy\byte-buddy\1.12.22\byte-buddy-1.12.22.jar;C:\Users\Babu.Krishnaraju\.m2\repository\org\apache\commons\commons-exec\1.3\commons-exec-1.3.jar;C:\Users\Babu.Krishnaraju\.m2\repository\org\asynchttpclient\async-http-client\2.12.3\async-http-client-2.12.3.jar;C:\Users\Babu.Krishnaraju\.m2\repository\org\asynchttpclient\async-http-client-netty-utils\2.12.3\async-http-client-netty-utils-2.12.3.jar;C:\Users\Babu.Krishnaraju\.m2\repository\io\netty\netty-codec-socks\4.1.60.Final\netty-codec-socks-4.1.60.Final.jar;C:\Users\Babu.Krishnaraju\.m2\repository\io\netty\netty-handler-proxy\4.1.60.Final\netty-handler-proxy-4.1.60.Final.jar;C:\Users\Babu.Krishnaraju\.m2\repository\io\netty\netty-transport-native-epoll\4.1.60.Final\netty-transport-native-epoll-4.1.60.Final-linux-x86_64.jar;C:\Users\Babu.Krishnaraju\.m2\repository\io\netty\netty-transport-native-kqueue\4.1.60.Final\netty-transport-native-kqueue-4.1.60.Final-osx-x86_64.jar;C:\Users\Babu.Krishnaraju\.m2\repository\com\typesafe\netty\netty-reactive-streams\2.0.4\netty-reactive-streams-2.0.4.jar;C:\Users\Babu.Krishnaraju\.m2\repository\org\slf4j\slf4j-api\1.7.30\slf4j-api-1.7.30.jar;C:\Users\Babu.Krishnaraju\.m2\repository\com\sun\activation\jakarta.activation\1.2.2\jakarta.activation-1.2.2.jar;C:\Users\Babu.Krishnaraju\.m2\repository\org\seleniumhq\selenium\selenium-manager\4.8.1\selenium-manager-4.8.1.jar;C:\Users\Babu.Krishnaraju\.m2\repository\org\seleniumhq\selenium\selenium-safari-driver\4.8.1\selenium-safari-driver-4.8.1.jar;C:\Users\Babu.Krishnaraju\.m2\repository\org\seleniumhq\selenium\selenium-support\4.8.1\selenium-support-4.8.1.jar;C:\Users\Babu.Krishnaraju\.m2\repository\org\testng\testng\7.4.0\testng-7.4.0.jar;C:\Users\Babu.Krishnaraju\.m2\repository\com\beust\jcommander\1.78\jcommander-1.78.jar;C:\Users\Babu.Krishnaraju\.m2\repository\org\webjars\jquery\3.5.1\jquery-3.5.1.jar;C:\Users\Babu.Krishnaraju\.m2\repository\org\projectlombok\lombok\1.18.22\lombok-1.18.22.jar;C:\Users\Babu.Krishnaraju\.m2\repository\com\thedeanda\lorem\2.1\lorem-2.1.jar;C:\Users\Babu.Krishnaraju\.m2\repository\org\apache\commons\commons-lang3\3.12.0\commons-lang3-3.12.0.jar;C:\Users\Babu.Krishnaraju\.m2\repository\joda-time\joda-time\2.12.5\joda-time-2.12.5.jar;"/>
    <property name="java.vm.vendor" value="Eclipse Adoptium"/>
    <property name="sun.arch.data.model" value="64"/>
    <property name="user.variant" value=""/>
    <property name="java.vendor.url" value="https://adoptium.net/"/>
    <property name="user.timezone" value="Australia/Sydney"/>
    <property name="os.name" value="Windows 11"/>
    <property name="java.vm.specification.version" value="17"/>
    <property name="sun.java.launcher" value="SUN_STANDARD"/>
    <property name="user.country" value="AU"/>
    <property name="sun.boot.library.path" value="C:\Users\Babu.Krishnaraju\.p2\pool\plugins\org.eclipse.justj.openjdk.hotspot.jre.full.win32.x86_64_17.0.6.v20230204-1729\jre\bin"/>
    <property name="sun.java.command" value="C:\Users\Babu.Krishnaraju\AppData\Local\Temp\surefire2081102379812187187\surefirebooter-20230530124121774_3.jar C:\Users\Babu.Krishnaraju\AppData\Local\Temp\surefire2081102379812187187 2023-05-30T12-41-21_629-jvmRun1 surefire-20230530124121774_1tmp surefire_0-20230530124121774_2tmp"/>
    <property name="jdk.debug" value="release"/>
    <property name="surefire.test.class.path" value="C:\Data\Bitbucket_Pentana360\target\test-classes;C:\Data\Bitbucket_Pentana360\target\classes;C:\Users\Babu.Krishnaraju\.m2\repository\io\cucumber\cucumber-java\7.11.2\cucumber-java-7.11.2.jar;C:\Users\Babu.Krishnaraju\.m2\repository\io\cucumber\cucumber-core\7.11.2\cucumber-core-7.11.2.jar;C:\Users\Babu.Krishnaraju\.m2\repository\io\cucumber\cucumber-gherkin\7.11.2\cucumber-gherkin-7.11.2.jar;C:\Users\Babu.Krishnaraju\.m2\repository\io\cucumber\cucumber-gherkin-messages\7.11.2\cucumber-gherkin-messages-7.11.2.jar;C:\Users\Babu.Krishnaraju\.m2\repository\io\cucumber\gherkin\26.0.3\gherkin-26.0.3.jar;C:\Users\Babu.Krishnaraju\.m2\repository\io\cucumber\messages\21.0.1\messages-21.0.1.jar;C:\Users\Babu.Krishnaraju\.m2\repository\io\cucumber\tag-expressions\5.0.1\tag-expressions-5.0.1.jar;C:\Users\Babu.Krishnaraju\.m2\repository\io\cucumber\cucumber-expressions\16.1.2\cucumber-expressions-16.1.2.jar;C:\Users\Babu.Krishnaraju\.m2\repository\io\cucumber\datatable\7.11.2\datatable-7.11.2.jar;C:\Users\Babu.Krishnaraju\.m2\repository\io\cucumber\cucumber-plugin\7.11.2\cucumber-plugin-7.11.2.jar;C:\Users\Babu.Krishnaraju\.m2\repository\io\cucumber\docstring\7.11.2\docstring-7.11.2.jar;C:\Users\Babu.Krishnaraju\.m2\repository\io\cucumber\html-formatter\20.2.1\html-formatter-20.2.1.jar;C:\Users\Babu.Krishnaraju\.m2\repository\io\cucumber\junit-xml-formatter\0.1.0\junit-xml-formatter-0.1.0.jar;C:\Users\Babu.Krishnaraju\.m2\repository\io\cucumber\ci-environment\9.1.0\ci-environment-9.1.0.jar;C:\Users\Babu.Krishnaraju\.m2\repository\org\apiguardian\apiguardian-api\1.1.2\apiguardian-api-1.1.2.jar;C:\Users\Babu.Krishnaraju\.m2\repository\com\aventstack\extentreports\5.0.9\extentreports-5.0.9.jar;C:\Users\Babu.Krishnaraju\.m2\repository\io\reactivex\rxjava3\rxjava\3.0.4\rxjava-3.0.4.jar;C:\Users\Babu.Krishnaraju\.m2\repository\org\reactivestreams\reactive-streams\1.0.3\reactive-streams-1.0.3.jar;C:\Users\Babu.Krishnaraju\.m2\repository\org\freemarker\freemarker\2.3.30\freemarker-2.3.30.jar;C:\Users\Babu.Krishnaraju\.m2\repository\com\google\code\gson\gson\2.8.6\gson-2.8.6.jar;C:\Users\Babu.Krishnaraju\.m2\repository\commons-io\commons-io\2.11.0\commons-io-2.11.0.jar;C:\Users\Babu.Krishnaraju\.m2\repository\io\cucumber\cucumber-picocontainer\7.11.2\cucumber-picocontainer-7.11.2.jar;C:\Users\Babu.Krishnaraju\.m2\repository\org\picocontainer\picocontainer\2.15\picocontainer-2.15.jar;C:\Users\Babu.Krishnaraju\.m2\repository\io\cucumber\cucumber-testng\7.11.2\cucumber-testng-7.11.2.jar;C:\Users\Babu.Krishnaraju\.m2\repository\org\seleniumhq\selenium\selenium-java\4.8.1\selenium-java-4.8.1.jar;C:\Users\Babu.Krishnaraju\.m2\repository\org\seleniumhq\selenium\selenium-api\4.8.1\selenium-api-4.8.1.jar;C:\Users\Babu.Krishnaraju\.m2\repository\org\seleniumhq\selenium\selenium-chrome-driver\4.8.1\selenium-chrome-driver-4.8.1.jar;C:\Users\Babu.Krishnaraju\.m2\repository\com\google\auto\service\auto-service-annotations\1.0.1\auto-service-annotations-1.0.1.jar;C:\Users\Babu.Krishnaraju\.m2\repository\com\google\auto\service\auto-service\1.0.1\auto-service-1.0.1.jar;C:\Users\Babu.Krishnaraju\.m2\repository\com\google\auto\auto-common\1.2\auto-common-1.2.jar;C:\Users\Babu.Krishnaraju\.m2\repository\com\google\guava\guava\31.1-jre\guava-31.1-jre.jar;C:\Users\Babu.Krishnaraju\.m2\repository\com\google\guava\failureaccess\1.0.1\failureaccess-1.0.1.jar;C:\Users\Babu.Krishnaraju\.m2\repository\com\google\guava\listenablefuture\9999.0-empty-to-avoid-conflict-with-guava\listenablefuture-9999.0-empty-to-avoid-conflict-with-guava.jar;C:\Users\Babu.Krishnaraju\.m2\repository\com\google\code\findbugs\jsr305\3.0.2\jsr305-3.0.2.jar;C:\Users\Babu.Krishnaraju\.m2\repository\org\checkerframework\checker-qual\3.12.0\checker-qual-3.12.0.jar;C:\Users\Babu.Krishnaraju\.m2\repository\com\google\errorprone\error_prone_annotations\2.11.0\error_prone_annotations-2.11.0.jar;C:\Users\Babu.Krishnaraju\.m2\repository\com\google\j2objc\j2objc-annotations\1.3\j2objc-annotations-1.3.jar;C:\Users\Babu.Krishnaraju\.m2\repository\org\seleniumhq\selenium\selenium-chromium-driver\4.8.1\selenium-chromium-driver-4.8.1.jar;C:\Users\Babu.Krishnaraju\.m2\repository\org\seleniumhq\selenium\selenium-json\4.8.1\selenium-json-4.8.1.jar;C:\Users\Babu.Krishnaraju\.m2\repository\org\seleniumhq\selenium\selenium-devtools-v108\4.8.1\selenium-devtools-v108-4.8.1.jar;C:\Users\Babu.Krishnaraju\.m2\repository\org\seleniumhq\selenium\selenium-devtools-v109\4.8.1\selenium-devtools-v109-4.8.1.jar;C:\Users\Babu.Krishnaraju\.m2\repository\org\seleniumhq\selenium\selenium-devtools-v110\4.8.1\selenium-devtools-v110-4.8.1.jar;C:\Users\Babu.Krishnaraju\.m2\repository\org\seleniumhq\selenium\selenium-devtools-v85\4.8.1\selenium-devtools-v85-4.8.1.jar;C:\Users\Babu.Krishnaraju\.m2\repository\org\seleniumhq\selenium\selenium-edge-driver\4.8.1\selenium-edge-driver-4.8.1.jar;C:\Users\Babu.Krishnaraju\.m2\repository\org\seleniumhq\selenium\selenium-firefox-driver\4.8.1\selenium-firefox-driver-4.8.1.jar;C:\Users\Babu.Krishnaraju\.m2\repository\org\seleniumhq\selenium\selenium-http\4.8.1\selenium-http-4.8.1.jar;C:\Users\Babu.Krishnaraju\.m2\repository\dev\failsafe\failsafe\3.3.0\failsafe-3.3.0.jar;C:\Users\Babu.Krishnaraju\.m2\repository\org\seleniumhq\selenium\selenium-ie-driver\4.8.1\selenium-ie-driver-4.8.1.jar;C:\Users\Babu.Krishnaraju\.m2\repository\org\seleniumhq\selenium\selenium-remote-driver\4.8.1\selenium-remote-driver-4.8.1.jar;C:\Users\Babu.Krishnaraju\.m2\repository\io\netty\netty-buffer\4.1.87.Final\netty-buffer-4.1.87.Final.jar;C:\Users\Babu.Krishnaraju\.m2\repository\io\netty\netty-codec-http\4.1.87.Final\netty-codec-http-4.1.87.Final.jar;C:\Users\Babu.Krishnaraju\.m2\repository\io\netty\netty-codec\4.1.87.Final\netty-codec-4.1.87.Final.jar;C:\Users\Babu.Krishnaraju\.m2\repository\io\netty\netty-handler\4.1.87.Final\netty-handler-4.1.87.Final.jar;C:\Users\Babu.Krishnaraju\.m2\repository\io\netty\netty-common\4.1.87.Final\netty-common-4.1.87.Final.jar;C:\Users\Babu.Krishnaraju\.m2\repository\io\netty\netty-transport-classes-epoll\4.1.87.Final\netty-transport-classes-epoll-4.1.87.Final.jar;C:\Users\Babu.Krishnaraju\.m2\repository\io\netty\netty-transport-classes-kqueue\4.1.87.Final\netty-transport-classes-kqueue-4.1.87.Final.jar;C:\Users\Babu.Krishnaraju\.m2\repository\io\netty\netty-transport-native-epoll\4.1.87.Final\netty-transport-native-epoll-4.1.87.Final.jar;C:\Users\Babu.Krishnaraju\.m2\repository\io\netty\netty-transport-native-kqueue\4.1.87.Final\netty-transport-native-kqueue-4.1.87.Final.jar;C:\Users\Babu.Krishnaraju\.m2\repository\io\netty\netty-transport-native-unix-common\4.1.87.Final\netty-transport-native-unix-common-4.1.87.Final.jar;C:\Users\Babu.Krishnaraju\.m2\repository\io\netty\netty-transport\4.1.87.Final\netty-transport-4.1.87.Final.jar;C:\Users\Babu.Krishnaraju\.m2\repository\io\netty\netty-resolver\4.1.87.Final\netty-resolver-4.1.87.Final.jar;C:\Users\Babu.Krishnaraju\.m2\repository\io\opentelemetry\opentelemetry-api\1.22.0\opentelemetry-api-1.22.0.jar;C:\Users\Babu.Krishnaraju\.m2\repository\io\opentelemetry\opentelemetry-context\1.22.0\opentelemetry-context-1.22.0.jar;C:\Users\Babu.Krishnaraju\.m2\repository\io\opentelemetry\opentelemetry-exporter-logging\1.22.0\opentelemetry-exporter-logging-1.22.0.jar;C:\Users\Babu.Krishnaraju\.m2\repository\io\opentelemetry\opentelemetry-sdk-metrics\1.22.0\opentelemetry-sdk-metrics-1.22.0.jar;C:\Users\Babu.Krishnaraju\.m2\repository\io\opentelemetry\opentelemetry-sdk-logs\1.22.0-alpha\opentelemetry-sdk-logs-1.22.0-alpha.jar;C:\Users\Babu.Krishnaraju\.m2\repository\io\opentelemetry\opentelemetry-api-logs\1.22.0-alpha\opentelemetry-api-logs-1.22.0-alpha.jar;C:\Users\Babu.Krishnaraju\.m2\repository\io\opentelemetry\opentelemetry-sdk-common\1.22.0\opentelemetry-sdk-common-1.22.0.jar;C:\Users\Babu.Krishnaraju\.m2\repository\io\opentelemetry\opentelemetry-sdk-extension-autoconfigure-spi\1.22.0\opentelemetry-sdk-extension-autoconfigure-spi-1.22.0.jar;C:\Users\Babu.Krishnaraju\.m2\repository\io\opentelemetry\opentelemetry-sdk-extension-autoconfigure\1.22.0-alpha\opentelemetry-sdk-extension-autoconfigure-1.22.0-alpha.jar;C:\Users\Babu.Krishnaraju\.m2\repository\io\opentelemetry\opentelemetry-sdk-trace\1.22.0\opentelemetry-sdk-trace-1.22.0.jar;C:\Users\Babu.Krishnaraju\.m2\repository\io\opentelemetry\opentelemetry-sdk\1.22.0\opentelemetry-sdk-1.22.0.jar;C:\Users\Babu.Krishnaraju\.m2\repository\io\opentelemetry\opentelemetry-semconv\1.22.0-alpha\opentelemetry-semconv-1.22.0-alpha.jar;C:\Users\Babu.Krishnaraju\.m2\repository\io\ous\jtoml\2.0.0\jtoml-2.0.0.jar;C:\Users\Babu.Krishnaraju\.m2\repository\net\bytebuddy\byte-buddy\1.12.22\byte-buddy-1.12.22.jar;C:\Users\Babu.Krishnaraju\.m2\repository\org\apache\commons\commons-exec\1.3\commons-exec-1.3.jar;C:\Users\Babu.Krishnaraju\.m2\repository\org\asynchttpclient\async-http-client\2.12.3\async-http-client-2.12.3.jar;C:\Users\Babu.Krishnaraju\.m2\repository\org\asynchttpclient\async-http-client-netty-utils\2.12.3\async-http-client-netty-utils-2.12.3.jar;C:\Users\Babu.Krishnaraju\.m2\repository\io\netty\netty-codec-socks\4.1.60.Final\netty-codec-socks-4.1.60.Final.jar;C:\Users\Babu.Krishnaraju\.m2\repository\io\netty\netty-handler-proxy\4.1.60.Final\netty-handler-proxy-4.1.60.Final.jar;C:\Users\Babu.Krishnaraju\.m2\repository\io\netty\netty-transport-native-epoll\4.1.60.Final\netty-transport-native-epoll-4.1.60.Final-linux-x86_64.jar;C:\Users\Babu.Krishnaraju\.m2\repository\io\netty\netty-transport-native-kqueue\4.1.60.Final\netty-transport-native-kqueue-4.1.60.Final-osx-x86_64.jar;C:\Users\Babu.Krishnaraju\.m2\repository\com\typesafe\netty\netty-reactive-streams\2.0.4\netty-reactive-streams-2.0.4.jar;C:\Users\Babu.Krishnaraju\.m2\repository\org\slf4j\slf4j-api\1.7.30\slf4j-api-1.7.30.jar;C:\Users\Babu.Krishnaraju\.m2\repository\com\sun\activation\jakarta.activation\1.2.2\jakarta.activation-1.2.2.jar;C:\Users\Babu.Krishnaraju\.m2\repository\org\seleniumhq\selenium\selenium-manager\4.8.1\selenium-manager-4.8.1.jar;C:\Users\Babu.Krishnaraju\.m2\repository\org\seleniumhq\selenium\selenium-safari-driver\4.8.1\selenium-safari-driver-4.8.1.jar;C:\Users\Babu.Krishnaraju\.m2\repository\org\seleniumhq\selenium\selenium-support\4.8.1\selenium-support-4.8.1.jar;C:\Users\Babu.Krishnaraju\.m2\repository\org\testng\testng\7.4.0\testng-7.4.0.jar;C:\Users\Babu.Krishnaraju\.m2\repository\com\beust\jcommander\1.78\jcommander-1.78.jar;C:\Users\Babu.Krishnaraju\.m2\repository\org\webjars\jquery\3.5.1\jquery-3.5.1.jar;C:\Users\Babu.Krishnaraju\.m2\repository\org\projectlombok\lombok\1.18.22\lombok-1.18.22.jar;C:\Users\Babu.Krishnaraju\.m2\repository\com\thedeanda\lorem\2.1\lorem-2.1.jar;C:\Users\Babu.Krishnaraju\.m2\repository\org\apache\commons\commons-lang3\3.12.0\commons-lang3-3.12.0.jar;C:\Users\Babu.Krishnaraju\.m2\repository\joda-time\joda-time\2.12.5\joda-time-2.12.5.jar;"/>
    <property name="sun.cpu.endian" value="little"/>
    <property name="user.home" value="C:\Users\Babu.Krishnaraju"/>
    <property name="user.language" value="en"/>
    <property name="java.specification.vendor" value="Oracle Corporation"/>
    <property name="java.version.date" value="2023-01-17"/>
    <property name="java.home" value="C:\Users\Babu.Krishnaraju\.p2\pool\plugins\org.eclipse.justj.openjdk.hotspot.jre.full.win32.x86_64_17.0.6.v20230204-1729\jre"/>
    <property name="file.separator" value="\"/>
    <property name="style.color" value="always"/>
    <property name="basedir" value="C:\Data\Bitbucket_Pentana360"/>
    <property name="java.vm.compressedOopsMode" value="Zero based"/>
    <property name="line.separator" value="&#10;"/>
    <property name="java.vm.specification.vendor" value="Oracle Corporation"/>
    <property name="java.specification.name" value="Java Platform API Specification"/>
    <property name="surefire.real.class.path" value="C:\Users\Babu.Krishnaraju\AppData\Local\Temp\surefire2081102379812187187\surefirebooter-20230530124121774_3.jar"/>
    <property name="user.script" value=""/>
    <property name="sun.management.compiler" value="HotSpot 64-Bit Tiered Compilers"/>
    <property name="java.runtime.version" value="17.0.6+10"/>
    <property name="user.name" value="Babu.Krishnaraju"/>
    <property name="path.separator" value=";"/>
    <property name="os.version" value="10.0"/>
    <property name="java.runtime.name" value="OpenJDK Runtime Environment"/>
    <property name="file.encoding" value="Cp1252"/>
    <property name="java.vm.name" value="OpenJDK 64-Bit Server VM"/>
    <property name="java.vendor.version" value="Temurin-17.0.6+10"/>
    <property name="localRepository" value="C:\Users\Babu.Krishnaraju\.m2\repository"/>
    <property name="java.vendor.url.bug" value="https://github.com/adoptium/adoptium-support/issues"/>
    <property name="java.io.tmpdir" value="C:\Users\BABU~1.KRI\AppData\Local\Temp\"/>
    <property name="java.version" value="17.0.6"/>
    <property name="user.dir" value="C:\Data\Bitbucket_Pentana360"/>
    <property name="os.arch" value="amd64"/>
    <property name="java.vm.specification.name" value="Java Virtual Machine Specification"/>
    <property name="sun.os.patch.level" value=""/>
    <property name="native.encoding" value="Cp1252"/>
    <property name="java.library.path" value="C:\Users\Babu.Krishnaraju\.p2\pool\plugins\org.eclipse.justj.openjdk.hotspot.jre.full.win32.x86_64_17.0.6.v20230204-1729\jre\bin;C:\WINDOWS\Sun\Java\bin;C:\WINDOWS\system32;C:\WINDOWS;C:/Users/Babu.Krishnaraju/.p2/pool/plugins/org.eclipse.justj.openjdk.hotspot.jre.full.win32.x86_64_17.0.6.v20230204-1729/jre/bin/server;C:/Users/Babu.Krishnaraju/.p2/pool/plugins/org.eclipse.justj.openjdk.hotspot.jre.full.win32.x86_64_17.0.6.v20230204-1729/jre/bin;C:\Program Files\Common Files\Oracle\Java\javapath;C:\Program Files\Eclipse Foundation\jdk-8.0.302.8-hotspot\bin;C:\Program Files (x86)\Common Files\Oracle\Java\javapath;C:\windows\system32;C:\windows;C:\windows\System32\Wbem;C:\windows\System32\WindowsPowerShell\v1.0\;C:\windows\System32\OpenSSH\;C:\Program Files (x86)\Plantronics\Spokes3G\;C:\scrcpy-win64-v1.23;C:\Program Files\dotnet\;C:\Program Files\Microsoft SQL Server\130\Tools\Binn\;C:\Program Files\Microsoft SQL Server\Client SDK\ODBC\170\Tools\Binn\;C:\Program Files (x86)\Microsoft SQL Server\Client SDK\ODBC\130\Tools\Binn\;C:\Program Files (x86)\Microsoft SQL Server\140\Tools\Binn\;C:\Program Files (x86)\Microsoft SQL Server\140\DTS\Binn\;C:\Program Files (x86)\Microsoft SQL Server\140\Tools\Binn\ManagementStudio\;C:\Program Files\nodejs\;C:\Data\Bitbucket\EraPowerParallelTesting;C:\Data\Git\QAEPAUTO\EraPowerParallelTesting\;C:\WINDOWS\system32;C:\WINDOWS;C:\WINDOWS\System32\Wbem;C:\WINDOWS\System32\WindowsPowerShell\v1.0\;C:\WINDOWS\System32\OpenSSH\;C:\Program Files (x86)\Microsoft Visual Studio\2019\Enterprise\Common7\IDE;C:\Users\Babu.Krishnaraju\AppData\Local\Android\Sdk\emulator;C:\Program Files\Git\cmd;C:\Users\Babu.Krishnaraju\AppData\Local\Microsoft\WindowsApps;C:\Users\Babu.Krishnaraju\.dotnet\tools;C:\Users\Babu.Krishnaraju\AppData\Roaming\npm;C:\Users\Babu.Krishnaraju\AppData\Local\Android\Sdk\platform-tools;C:\Users\Babu.Krishnaraju\AppData\Local\Android\Sdk\tools;C:\Users\Babu.Krishnaraju\AppData\Local\Android\Sdk\tools\bin;C:\Users\Babu.Krishnaraju\AppData\Local\GitHubDesktop\bin;\\aumel-win-fs02\private\Babu.Krishnaraju\documents\qaepauto\EraPowerParallelTesting\EraPowerTestAutomation\EraPowerTests\SeleniumUtilities\ChromeDriver\chromedriver.exe;C:\Users\Babu.Krishnaraju\AppData\Local\Android\Sdk\emulator;C:\Program Files\Eclipse Foundation\bin;;C:\Users\Babu.Krishnaraju\Desktop;;."/>
    <property name="java.vm.info" value="mixed mode"/>
    <property name="java.vendor" value="Eclipse Adoptium"/>
    <property name="java.vm.version" value="17.0.6+10"/>
    <property name="sun.io.unicode.encoding" value="UnicodeLittle"/>
    <property name="java.class.version" value="61.0"/>
  </properties>
  <testcase name="runScenario[&quot;Verify Dark Mode enable&quot;, &quot;Dark Mode Enable and Disable  functionality&quot;](1)" classname="runner.TestRunner" time="14.056">
    <system-out><![CDATA[
@darkMode
Scenario Outline: Verify Dark Mode enable                                                                           # src/test/resources/FeatureFiles/DarkModeEnableDisable.feature:17

@darkMode
Scenario Outline: Verify Dark Mode enable                                                                         # src/test/resources/FeatureFiles/DarkModeEnableDisable.feature:18
  Given User signs in to application with email "Sameer.Tamboli+1@pentanacontractor.com" and password "Test1234!" # stepDefinitions.LoginLogoutSteps.user_signs_in_to_application(java.lang.String,java.lang.String)
  And Navigates to Home Page                                                                                      # stepDefinitions.DarkModeEnableDisableSteps.navigates_to_home_page()
  Given User signs in to application with email "Garima.Shrivastav@pentanacontractor.com" and password "Password@1" # stepDefinitions.LoginLogoutSteps.user_signs_in_to_application(java.lang.String,java.lang.String)
  And Navigates to Home Page                                                                                        # stepDefinitions.DarkModeEnableDisableSteps.navigates_to_home_page()
  When User clicks on User Icon button                                                                            # stepDefinitions.DarkModeEnableDisableSteps.user_clicks_on_user_icon_button()
  When User clicks on User Icon button                                                                              # stepDefinitions.DarkModeEnableDisableSteps.user_clicks_on_user_icon_button()
  And clicks on Dark Mode checkbox                                                                                # stepDefinitions.DarkModeEnableDisableSteps.clicks_on_dark_mode_checkbox()
  Then Dark Mode gets enabled                                                                                     # stepDefinitions.DarkModeEnableDisableSteps.dark_mode_is_enabled()
  And clicks on Dark Mode checkbox                                                                                  # stepDefinitions.DarkModeEnableDisableSteps.clicks_on_dark_mode_checkbox()
  Then Dark Mode gets enabled                                                                                       # stepDefinitions.DarkModeEnableDisableSteps.dark_mode_is_enabled()
  When User again clicks on Dark Mode                                                                             # stepDefinitions.DarkModeEnableDisableSteps.User_again_clicks_on_Dark_Mode()
  Then Dark Mode gets disabled                                                                                    # stepDefinitions.DarkModeEnableDisableSteps.dark_mode_gets_disabled()
  When User again clicks on Dark Mode                                                                               # stepDefinitions.DarkModeEnableDisableSteps.User_again_clicks_on_Dark_Mode()
  Then Dark Mode gets disabled                                                                                      # stepDefinitions.DarkModeEnableDisableSteps.dark_mode_gets_disabled()
]]></system-out>
    <system-err><![CDATA[SLF4J: Failed to load class "org.slf4j.impl.StaticLoggerBinder".
SLF4J: Defaulting to no-operation (NOP) logger implementation
SLF4J: See http://www.slf4j.org/codes.html#StaticLoggerBinder for further details.
StaSrttinagr tChirnogm eChDrroivemre D1r1i3v.e0r.5 61712.363 (0.e10a.45467712d.563 (0ae5bfe128b11bad48f44d67271cd85cabed55b5ff17208cb-1rbedf8sf/4bdr6a2n7cch8c-bhde5a5dfs7/05c6-7r2e@f{s/b#r9an1c2h}-)h eoand sp/o5r6t7 26@{8#29142}
O)n loyn  lpoocratl  6co98nn4e
cOtnilyo nlocsa l acroen naelctlioownse dar.e a
lPlolweead.se
 Psleeaes e hsteet phtst:ps/:///cchhrormoemderdivreivr.ecrh.rcohmrioumm.iorg/suemc.uroirtyg-/csoencsuidreirattyi-ocnso nfosri dseurgagetsitoionnss  foonr k eesugpginegs tiCohrnos moenD rkieveepri nsga fCeh.ro
meDriver safe.
CChhrroommeeDDrriveivre rw awsa ssta rtsetda rstuecdc essusfcuclelssyf.ul
ly.
May 30, 2023 12:41:25 PM org.openqa.selenium.devtools.CdpVersionFinder findNearestMatch
WARNING: Unable to find an exact match for CDP version 113, so returning the closest version found: 110
May 30, 2023 12:41:25 PM org.openqa.selenium.devtools.CdpVersionFinder findNearestMatch
WARNING: Unable to find an exact match for CDP version 113, so returning the closest version found: 110
]]></system-err>
  </testcase>
  <testcase name="runScenario[&quot;Verify Dark Mode enable&quot;, &quot;Dark Mode Enable and Disable  functionality&quot;](2)" classname="runner.TestRunner" time="0.137">
    <system-out><![CDATA[
@EdgeLink
Scenario: Verify user is able to click Edge Link in Home Page                                                   # src/test/resources/FeatureFiles/EdgeLink.feature:8
]]></system-out>
  </testcase>
  <testcase name="runScenario[&quot;Verify user is able to click Edge Link in Home Page&quot;, &quot;Filter Search Functionality&quot;](3)" classname="runner.TestRunner" time="9.759">
    <system-out><![CDATA[
@EdgeLink
Scenario: Verify user is able to click Edge Link in Home Page                                                   # src/test/resources/FeatureFiles/EdgeLink.feature:12
  Given User signs in to application with email "carl.malubag@pentanasolutions.com" and password "Password123#" # stepDefinitions.LoginLogoutSteps.user_signs_in_to_application(java.lang.String,java.lang.String)
  Given User signs in to application with email "carl.malubag@pentanasolutions.com" and password "Password123#" # stepDefinitions.LoginLogoutSteps.user_signs_in_to_application(java.lang.String,java.lang.String)
  Then User Navigates to Home Page                                                                              # stepDefinitions.SelectAppSteps.User_navigates_to_home_page()
  Then User Navigates to Home Page                                                                              # stepDefinitions.SelectAppSteps.User_navigates_to_home_page()
  When User clicks the User Administration button                                                               # stepDefinitions.UserAdministrationSteps.user_clicks_the_user_administration_button()
  When User Clicks on Edge Link                                                                                 # stepDefinitions.EdgeLinkSteps.User_Clicks_on_Edge_Link()
  Then User is redirected to Elearning Portal                                                                   # stepDefinitions.EdgeLinkSteps.User_is_redirected_to_Elearning_Portal()
]]></system-out>
    <system-err><![CDATA[Starting ChromeDriver 113.0.5672.63 (0e1a4471d5ae5bf128b1bd8f4d627c8cbd55f70c-refs/branch-heads/5672@{#912}) on port 5938
Only local connections are allowed.
Please see https://chromedriver.chromium.org/security-considerations for suggestions on keeping ChromeDriver safe.
ChromeDriver was started successfully.
Starting ChromeDriver 113.0.5672.63 (0e1a4471d5ae5bf128b1bd8f4d627c8cbd55f70c-refs/branch-heads/5672@{#912}) on port 44094
Only local connections are allowed.
Please see https://chromedriver.chromium.org/security-considerations for suggestions on keeping ChromeDriver safe.
ChromeDriver was started successfully.
May 30, 2023 12:41:38 PM org.openqa.selenium.devtools.CdpVersionFinder findNearestMatch
WARNING: Unable to find an exact match for CDP version 113, so returning the closest version found: 110
May 30, 2023 12:41:38 PM org.openqa.selenium.devtools.CdpVersionFinder findNearestMatch
WARNING: Unable to find an exact match for CDP version 113, so returning the closest version found: 110
]]></system-err>
  </testcase>
  <testcase name="runScenario[&quot;Verify user is able to click Edge Link in Home Page&quot;, &quot;Filter Search Functionality&quot;](4)" classname="runner.TestRunner" time="5.176">
    <system-out><![CDATA[
@login
Scenario Outline: Sign in with valid credentials and Sign out      # src/test/resources/FeatureFiles/LoginLogout.feature:18
  And User clicks on Edge Link in User Admin App                                                                # stepDefinitions.EdgeLinkSteps.User_clicks_on_Edge_Link_in_User_Admin_App()
  Given User is on Sign in page                                    # stepDefinitions.LoginLogoutSteps.user_is_on_sign_in_page()
  Then User is redirected to Elearning Portal in UserApp                                                        # stepDefinitions.EdgeLinkSteps.User_is_redirected_to_Elearning_Portal_in_UserApp()
  When User enters email "Garima.Shrivastav@pentanacontractor.com" # stepDefinitions.LoginLogoutSteps.user_enters_username_something(java.lang.String)
  And User clicks Continue button                                  # stepDefinitions.LoginLogoutSteps.user_clicks_continue_button()
]]></system-out>
    <system-err><![CDATA[Starting ChromeDriver 113.0.5672.63 (0e1a4471d5ae5bf128b1bd8f4d627c8cbd55f70c-refs/branch-heads/5672@{#912}) on port 26761
Only local connections are allowed.
Please see https://chromedriver.chromium.org/security-considerations for suggestions on keeping ChromeDriver safe.
ChromeDriver was started successfully.
May 30, 2023 12:41:48 PM org.openqa.selenium.devtools.CdpVersionFinder findNearestMatch
WARNING: Unable to find an exact match for CDP version 113, so returning the closest version found: 110
]]></system-err>
  </testcase>
  <testcase name="runScenario[&quot;Sign in with valid credentials and Sign out&quot;, &quot;Sign in and Sign Out functionality&quot;](5)" classname="runner.TestRunner" time="8.669">
    <system-out><![CDATA[
@login
Scenario Outline: Sign in with valid credentials and Sign out     # src/test/resources/FeatureFiles/LoginLogout.feature:19
  And User enters password "Password@1"                            # stepDefinitions.LoginLogoutSteps.user_enters_password_something(java.lang.String)
  And Clicks on Sign In button                                     # stepDefinitions.LoginLogoutSteps.clicks_on_sign_in_button()
  Then User is able to Sign in successfully                        # stepDefinitions.LoginLogoutSteps.user_is_able_to_sign_in_successfully()
  Given User is on Sign in page                                   # stepDefinitions.LoginLogoutSteps.user_is_on_sign_in_page()
  When User enters email "Sameer.Tamboli+1@pentanacontractor.com" # stepDefinitions.LoginLogoutSteps.user_enters_username_something(java.lang.String)
  And User clicks Continue button                                 # stepDefinitions.LoginLogoutSteps.user_clicks_continue_button()
  And User enters password "Test1234!"                            # stepDefinitions.LoginLogoutSteps.user_enters_password_something(java.lang.String)
  When User clicks on User Icon                                    # stepDefinitions.LoginLogoutSteps.user_clicks_on_user_icon()
  And Clicks on Sign In button                                    # stepDefinitions.LoginLogoutSteps.clicks_on_sign_in_button()
  Then User is able to Sign in successfully                       # stepDefinitions.LoginLogoutSteps.user_is_able_to_sign_in_successfully()
  And Clicks on Sign Out option                                    # stepDefinitions.LoginLogoutSteps.clicks_on_sign_out_option()
  Then User is able to Sign Out of application                     # stepDefinitions.LoginLogoutSteps.user_is_able_to_sign_out_of_application()
]]></system-out>
    <system-err><![CDATA[Starting ChromeDriver 113.0.5672.63 (0e1a4471d5ae5bf128b1bd8f4d627c8cbd55f70c-refs/branch-heads/5672@{#912}) on port 32022
Only local connections are allowed.
Please see https://chromedriver.chromium.org/security-considerations for suggestions on keeping ChromeDriver safe.
ChromeDriver was started successfully.
May 30, 2023 12:41:53 PM org.openqa.selenium.devtools.CdpVersionFinder findNearestMatch
WARNING: Unable to find an exact match for CDP version 113, so returning the closest version found: 110
]]></system-err>
  </testcase>
  <testcase name="runScenario[&quot;Sign in with valid credentials and Sign out&quot;, &quot;Sign in and Sign Out functionality&quot;](6)" classname="runner.TestRunner" time="4.443">
    <system-out><![CDATA[
@selectApp
Scenario: Select Application on Apps Tab                                                                        # src/test/resources/FeatureFiles/SelectApp.feature:4
  When User clicks on User Icon                                   # stepDefinitions.LoginLogoutSteps.user_clicks_on_user_icon()
  And Clicks on Sign Out option                                   # stepDefinitions.LoginLogoutSteps.clicks_on_sign_out_option()
  Then User is able to Sign Out of application                    # stepDefinitions.LoginLogoutSteps.user_is_able_to_sign_out_of_application()
]]></system-out>
    <system-err><![CDATA[Starting ChromeDriver 113.0.5672.63 (0e1a4471d5ae5bf128b1bd8f4d627c8cbd55f70c-refs/branch-heads/5672@{#912}) on port 43485
Only local connections are allowed.
Please see https://chromedriver.chromium.org/security-considerations for suggestions on keeping ChromeDriver safe.
ChromeDriver was started successfully.
May 30, 2023 12:42:02 PM org.openqa.selenium.devtools.CdpVersionFinder findNearestMatch
WARNING: Unable to find an exact match for CDP version 113, so returning the closest version found: 110
]]></system-err>
  </testcase>
  <testcase name="runScenario[&quot;Select Application on Apps Tab&quot;, &quot;Access Different Apps&quot;](7)" classname="runner.TestRunner" time="9.154">
    <system-out><![CDATA[
@FilterApp
Scenario Outline: Search User Using Filter                                                                      # src/test/resources/FeatureFiles/UserAdminFilter.feature:4
  Given User signs in to application with email "Carl.Malubag@pentanasolutions.com" and password "Password123#" # stepDefinitions.LoginLogoutSteps.user_signs_in_to_application(java.lang.String,java.lang.String)
  And User clicks on Menu Icon                                                                                  # stepDefinitions.SelectAppSteps.User_clicks_on_Menu_Icon()
  And Clicks on Apps tab                                                                                        # stepDefinitions.SelectAppSteps.Clicks_on_Apps_tab()
  Then User is redirected to Applications                                                                       # stepDefinitions.SelectAppSteps.User_is_redirected_to_Applications()
  When User Clicks on a Application                                                                             # stepDefinitions.SelectAppSteps.User_Clicks_on_a_Application()
  Given User signs in to application with email "carl.malubag@pentanasolutions.com" and password "Password123#" # stepDefinitions.LoginLogoutSteps.user_signs_in_to_application(java.lang.String,java.lang.String)
  When User clicks User Admin App                                                                               # stepDefinitions.UserAdminFilterSteps.User_clicks_User_Admin_App()
  Then User Redirects to the Application Page                                                                   # stepDefinitions.SelectAppSteps.User_Redirects_to_the_Application_Page()
]]></system-out>
    <system-err><![CDATA[Starting ChromeDriver 113.0.5672.63 (0e1a4471d5ae5bf128b1bd8f4d627c8cbd55f70c-refs/branch-heads/5672@{#912}) on port 17085
Only local connections are allowed.
Please see https://chromedriver.chromium.org/security-considerations for suggestions on keeping ChromeDriver safe.
ChromeDriver was started successfully.
May 30, 2023 12:42:06 PM org.openqa.selenium.devtools.CdpVersionFinder findNearestMatch
WARNING: Unable to find an exact match for CDP version 113, so returning the closest version found: 110
]]></system-err>
  </testcase>
  <testcase name="runScenario[&quot;Search User Using Filter&quot;, &quot;Filter Search Functionality&quot;](8)" classname="runner.TestRunner" time="18.61">
    <system-out><![CDATA[
@ResetPermission
Scenario:                                                                                                       # src/test/resources/FeatureFiles/UserAdminResetPermissions.feature:10
  Then Page is Redirected to User Admin App                                                                     # stepDefinitions.UserAdminFilterSteps.Page_is_Redirected_to_User_Admin_App()
  Given User signs in to application with email "carl.malubag@pentanasolutions.com" and password "Password123#" # stepDefinitions.LoginLogoutSteps.user_signs_in_to_application(java.lang.String,java.lang.String)
  When User clicks User Admin App                                                                               # stepDefinitions.UserAdminFilterSteps.User_clicks_User_Admin_App()
  When User Clicks on Filter Button                                                                             # stepDefinitions.UserAdminFilterSteps.User_Clicks_on_Filter_Button()
  And user Enters Company Name "test"                                                                           # stepDefinitions.UserAdminFilterSteps.user_Enters_Company_Name_(java.lang.String)
  Then Page is Redirected to User Admin App                                                                     # stepDefinitions.UserAdminFilterSteps.Page_is_Redirected_to_User_Admin_App()
  And Enters Branch Name "test3a"                                                                               # stepDefinitions.UserAdminFilterSteps.Enters_Branch_Name(java.lang.String)
  Then User Verifies the Company Name "test"                                                                    # stepDefinitions.UserAdminFilterSteps.User_Verifies_the_Company_Name(java.lang.String)
  Then User Verifies the Branch Name "test3a"                                                                   # stepDefinitions.UserAdminFilterSteps.User_Verifies_the_Branch_Name(java.lang.String)
]]></system-out>
    <system-err><![CDATA[Starting ChromeDriver 113.0.5672.63 (0e1a4471d5ae5bf128b1bd8f4d627c8cbd55f70c-refs/branch-heads/5672@{#912}) on port 10226
Only local connections are allowed.
Please see https://chromedriver.chromium.org/security-considerations for suggestions on keeping ChromeDriver safe.
ChromeDriver was started successfully.
May 30, 2023 12:42:15 PM org.openqa.selenium.devtools.CdpVersionFinder findNearestMatch
WARNING: Unable to find an exact match for CDP version 113, so returning the closest version found: 110
]]></system-err>
  </testcase>
  <testcase name="runScenario[&quot;&quot;, &quot;Reset Permission Functionality&quot;](9)" classname="runner.TestRunner" time="13.436">
    <failure message="no such element: Unable to locate element: {&quot;method&quot;:&quot;css selector&quot;,&quot;selector&quot;:&quot;section &gt; button:nth-child(4)&quot;}&#10;  (Session info: chrome=113.0.5672.127)&#10;For documentation on this error, please visit: https://selenium.dev/exceptions/#no_such_element&#10;Build info: version: &apos;4.8.1&apos;, revision: &apos;8ebccac989&apos;&#10;System info: os.name: &apos;Windows 11&apos;, os.arch: &apos;amd64&apos;, os.version: &apos;10.0&apos;, java.version: &apos;17.0.6&apos;&#10;Driver info: org.openqa.selenium.chrome.ChromeDriver&#10;Command: [dfe95685b0fc1cae9177fcee268f4cf0, findChildElement {id=7D82A0CB88C48239A1718BF180221595_element_27, using=css selector, value=section &gt; button:nth-child(4)}]&#10;Capabilities {acceptInsecureCerts: false, browserName: chrome, browserVersion: 113.0.5672.127, chrome: {chromedriverVersion: 113.0.5672.63 (0e1a4471d5ae..., userDataDir: C:\Users\BABU~1.KRI\AppData...}, goog:chromeOptions: {debuggerAddress: localhost:56121}, networkConnectionEnabled: false, pageLoadStrategy: normal, platformName: WINDOWS, proxy: Proxy(), se:cdp: ws://localhost:56121/devtoo..., se:cdpVersion: 113.0.5672.127, setWindowRect: true, strictFileInteractability: false, timeouts: {implicit: 0, pageLoad: 300000, script: 30000}, unhandledPromptBehavior: dismiss and notify, webauthn:extension:credBlob: true, webauthn:extension:largeBlob: true, webauthn:extension:minPinLength: true, webauthn:extension:prf: true, webauthn:virtualAuthenticators: true}&#10;Session ID: dfe95685b0fc1cae9177fcee268f4cf0" type="org.openqa.selenium.NoSuchElementException"><![CDATA[org.openqa.selenium.NoSuchElementException: 
no such element: Unable to locate element: {"method":"css selector","selector":"section > button:nth-child(4)"}
  (Session info: chrome=113.0.5672.127)
For documentation on this error, please visit: https://selenium.dev/exceptions/#no_such_element
Build info: version: '4.8.1', revision: '8ebccac989'
System info: os.name: 'Windows 11', os.arch: 'amd64', os.version: '10.0', java.version: '17.0.6'
Driver info: org.openqa.selenium.chrome.ChromeDriver
Command: [dfe95685b0fc1cae9177fcee268f4cf0, findChildElement {id=7D82A0CB88C48239A1718BF180221595_element_27, using=css selector, value=section > button:nth-child(4)}]
Capabilities {acceptInsecureCerts: false, browserName: chrome, browserVersion: 113.0.5672.127, chrome: {chromedriverVersion: 113.0.5672.63 (0e1a4471d5ae..., userDataDir: C:\Users\BABU~1.KRI\AppData...}, goog:chromeOptions: {debuggerAddress: localhost:56121}, networkConnectionEnabled: false, pageLoadStrategy: normal, platformName: WINDOWS, proxy: Proxy(), se:cdp: ws://localhost:56121/devtoo..., se:cdpVersion: 113.0.5672.127, setWindowRect: true, strictFileInteractability: false, timeouts: {implicit: 0, pageLoad: 300000, script: 30000}, unhandledPromptBehavior: dismiss and notify, webauthn:extension:credBlob: true, webauthn:extension:largeBlob: true, webauthn:extension:minPinLength: true, webauthn:extension:prf: true, webauthn:virtualAuthenticators: true}
Session ID: dfe95685b0fc1cae9177fcee268f4cf0
	at java.base/jdk.internal.reflect.NativeConstructorAccessorImpl.newInstance0(Native Method)
	at java.base/jdk.internal.reflect.NativeConstructorAccessorImpl.newInstance(NativeConstructorAccessorImpl.java:77)
	at java.base/jdk.internal.reflect.DelegatingConstructorAccessorImpl.newInstance(DelegatingConstructorAccessorImpl.java:45)
	at java.base/java.lang.reflect.Constructor.newInstanceWithCaller(Constructor.java:499)
	at java.base/java.lang.reflect.Constructor.newInstance(Constructor.java:480)
	at org.openqa.selenium.remote.codec.w3c.W3CHttpResponseCodec.createException(W3CHttpResponseCodec.java:200)
	at org.openqa.selenium.remote.codec.w3c.W3CHttpResponseCodec.decode(W3CHttpResponseCodec.java:133)
	at org.openqa.selenium.remote.codec.w3c.W3CHttpResponseCodec.decode(W3CHttpResponseCodec.java:53)
	at org.openqa.selenium.remote.HttpCommandExecutor.execute(HttpCommandExecutor.java:184)
	at org.openqa.selenium.remote.service.DriverCommandExecutor.invokeExecute(DriverCommandExecutor.java:167)
	at org.openqa.selenium.remote.service.DriverCommandExecutor.execute(DriverCommandExecutor.java:142)
	at org.openqa.selenium.remote.RemoteWebDriver.execute(RemoteWebDriver.java:543)
	at org.openqa.selenium.remote.ElementLocation$ElementFinder$2.findElement(ElementLocation.java:162)
	at org.openqa.selenium.remote.ElementLocation.findElement(ElementLocation.java:60)
	at org.openqa.selenium.remote.RemoteWebDriver.findElement(RemoteWebDriver.java:352)
	at org.openqa.selenium.remote.RemoteWebElement.findElement(RemoteWebElement.java:227)
	at PageActions.UserAdminPageActions.clickPermissions(UserAdminPageActions.java:188)
	at stepDefinitions.UserAdminPermissionsSteps.clicks_permissions(UserAdminPermissionsSteps.java:29)
	at .clicks permissions(file:///C:/Data/Bitbucket_Pentana360/src/test/resources/FeatureFiles/UserAdminResetPermissions.feature:12)
]]></failure>
    <system-out><![CDATA[
Scenario:                                                                                                       # src/test/resources/FeatureFiles/UserAdminUserPermission.feature:9
  Given User signs in to application with email "carl.malubag@pentanasolutions.com" and password "Password123#" # stepDefinitions.LoginLogoutSteps.user_signs_in_to_application(java.lang.String,java.lang.String)
  When User clicks User Admin App                                                                               # stepDefinitions.UserAdminFilterSteps.User_clicks_User_Admin_App()
  When User Selects An account "Carl-Test"                                                                      # stepDefinitions.UserAdminPermissionsSteps.User_Selects_An_account(java.lang.String)
  Then Page is Redirected to User Admin App                                                                     # stepDefinitions.UserAdminFilterSteps.Page_is_Redirected_to_User_Admin_App()
  And clicks permissions                                                                                        # stepDefinitions.UserAdminPermissionsSteps.clicks_permissions()
      org.openqa.selenium.NoSuchElementException: no such element: Unable to locate element: {"method":"css selector","selector":"section > button:nth-child(4)"}
  (Session info: chrome=113.0.5672.127)
For documentation on this error, please visit: https://selenium.dev/exceptions/#no_such_element
Build info: version: '4.8.1', revision: '8ebccac989'
System info: os.name: 'Windows 11', os.arch: 'amd64', os.version: '10.0', java.version: '17.0.6'
Driver info: org.openqa.selenium.chrome.ChromeDriver
Command: [dfe95685b0fc1cae9177fcee268f4cf0, findChildElement {id=7D82A0CB88C48239A1718BF180221595_element_27, using=css selector, value=section > button:nth-child(4)}]
Capabilities {acceptInsecureCerts: false, browserName: chrome, browserVersion: 113.0.5672.127, chrome: {chromedriverVersion: 113.0.5672.63 (0e1a4471d5ae..., userDataDir: C:\Users\BABU~1.KRI\AppData...}, goog:chromeOptions: {debuggerAddress: localhost:56121}, networkConnectionEnabled: false, pageLoadStrategy: normal, platformName: WINDOWS, proxy: Proxy(), se:cdp: ws://localhost:56121/devtoo..., se:cdpVersion: 113.0.5672.127, setWindowRect: true, strictFileInteractability: false, timeouts: {implicit: 0, pageLoad: 300000, script: 30000}, unhandledPromptBehavior: dismiss and notify, webauthn:extension:credBlob: true, webauthn:extension:largeBlob: true, webauthn:extension:minPinLength: true, webauthn:extension:prf: true, webauthn:virtualAuthenticators: true}
Session ID: dfe95685b0fc1cae9177fcee268f4cf0
	at java.base/jdk.internal.reflect.NativeConstructorAccessorImpl.newInstance0(Native Method)
	at java.base/jdk.internal.reflect.NativeConstructorAccessorImpl.newInstance(NativeConstructorAccessorImpl.java:77)
	at java.base/jdk.internal.reflect.DelegatingConstructorAccessorImpl.newInstance(DelegatingConstructorAccessorImpl.java:45)
	at java.base/java.lang.reflect.Constructor.newInstanceWithCaller(Constructor.java:499)
	at java.base/java.lang.reflect.Constructor.newInstance(Constructor.java:480)
	at org.openqa.selenium.remote.codec.w3c.W3CHttpResponseCodec.createException(W3CHttpResponseCodec.java:200)
	at org.openqa.selenium.remote.codec.w3c.W3CHttpResponseCodec.decode(W3CHttpResponseCodec.java:133)
	at org.openqa.selenium.remote.codec.w3c.W3CHttpResponseCodec.decode(W3CHttpResponseCodec.java:53)
	at org.openqa.selenium.remote.HttpCommandExecutor.execute(HttpCommandExecutor.java:184)
	at org.openqa.selenium.remote.service.DriverCommandExecutor.invokeExecute(DriverCommandExecutor.java:167)
	at org.openqa.selenium.remote.service.DriverCommandExecutor.execute(DriverCommandExecutor.java:142)
	at org.openqa.selenium.remote.RemoteWebDriver.execute(RemoteWebDriver.java:543)
	at org.openqa.selenium.remote.ElementLocation$ElementFinder$2.findElement(ElementLocation.java:162)
	at org.openqa.selenium.remote.ElementLocation.findElement(ElementLocation.java:60)
	at org.openqa.selenium.remote.RemoteWebDriver.findElement(RemoteWebDriver.java:352)
	at org.openqa.selenium.remote.RemoteWebElement.findElement(RemoteWebElement.java:227)
	at PageActions.UserAdminPageActions.clickPermissions(UserAdminPageActions.java:188)
	at stepDefinitions.UserAdminPermissionsSteps.clicks_permissions(UserAdminPermissionsSteps.java:29)
	at .clicks permissions(file:///C:/Data/Bitbucket_Pentana360/src/test/resources/FeatureFiles/UserAdminResetPermissions.feature:12)


    Embedding 1685414565644 [image/png 26562 bytes]

  Then User is on Permission Profiles                                                                           # stepDefinitions.UserAdminPermissionsSteps.User_is_on_Permission_Profiles()
  When User clicks on worksheet enable options                                                                  # stepDefinitions.UserAdminPermissionsSteps.User_clicks_on_worksheet_enable_options()
  And User goes back and click Settings                                                                         # stepDefinitions.UserAdminPermissionsSteps.User_goes_back_and_click_Settings()
  And User clicks Reset Permissions                                                                             # stepDefinitions.UserAdminPermissionsSteps.User_clicks_Reset_Permissions()
  Then the Permissions that have been enabled will be disabled                                                  # stepDefinitions.UserAdminPermissionsSteps.the_Permissions_that_have_been_enabled_will_be_disabled()
]]></system-out>
    <system-err><![CDATA[Starting ChromeDriver 113.0.5672.63 (0e1a4471d5ae5bf128b1bd8f4d627c8cbd55f70c-refs/branch-heads/5672@{#912}) on port 48675
Only local connections are allowed.
Please see https://chromedriver.chromium.org/security-considerations for suggestions on keeping ChromeDriver safe.
ChromeDriver was started successfully.
May 30, 2023 12:42:34 PM org.openqa.selenium.devtools.CdpVersionFinder findNearestMatch
WARNING: Unable to find an exact match for CDP version 113, so returning the closest version found: 110
]]></system-err>
  </testcase>
  <testcase name="runScenario[&quot;&quot;, &quot;Enable/Disable Permission Functionality&quot;](10)" classname="runner.TestRunner" time="18.262">
    <failure message="no such element: Unable to locate element: {&quot;method&quot;:&quot;css selector&quot;,&quot;selector&quot;:&quot;section &gt; button:nth-child(4)&quot;}&#10;  (Session info: chrome=113.0.5672.127)&#10;For documentation on this error, please visit: https://selenium.dev/exceptions/#no_such_element&#10;Build info: version: &apos;4.8.1&apos;, revision: &apos;8ebccac989&apos;&#10;System info: os.name: &apos;Windows 11&apos;, os.arch: &apos;amd64&apos;, os.version: &apos;10.0&apos;, java.version: &apos;17.0.6&apos;&#10;Driver info: org.openqa.selenium.chrome.ChromeDriver&#10;Command: [9f7b88bd8426cd97c9bd5205490afdbf, findChildElement {id=7A0AC6B0205344142676C17F59015819_element_26, using=css selector, value=section &gt; button:nth-child(4)}]&#10;Capabilities {acceptInsecureCerts: false, browserName: chrome, browserVersion: 113.0.5672.127, chrome: {chromedriverVersion: 113.0.5672.63 (0e1a4471d5ae..., userDataDir: C:\Users\BABU~1.KRI\AppData...}, goog:chromeOptions: {debuggerAddress: localhost:56191}, networkConnectionEnabled: false, pageLoadStrategy: normal, platformName: WINDOWS, proxy: Proxy(), se:cdp: ws://localhost:56191/devtoo..., se:cdpVersion: 113.0.5672.127, setWindowRect: true, strictFileInteractability: false, timeouts: {implicit: 0, pageLoad: 300000, script: 30000}, unhandledPromptBehavior: dismiss and notify, webauthn:extension:credBlob: true, webauthn:extension:largeBlob: true, webauthn:extension:minPinLength: true, webauthn:extension:prf: true, webauthn:virtualAuthenticators: true}&#10;Session ID: 9f7b88bd8426cd97c9bd5205490afdbf" type="org.openqa.selenium.NoSuchElementException"><![CDATA[org.openqa.selenium.NoSuchElementException: 
no such element: Unable to locate element: {"method":"css selector","selector":"section > button:nth-child(4)"}
  (Session info: chrome=113.0.5672.127)
For documentation on this error, please visit: https://selenium.dev/exceptions/#no_such_element
Build info: version: '4.8.1', revision: '8ebccac989'
System info: os.name: 'Windows 11', os.arch: 'amd64', os.version: '10.0', java.version: '17.0.6'
Driver info: org.openqa.selenium.chrome.ChromeDriver
Command: [9f7b88bd8426cd97c9bd5205490afdbf, findChildElement {id=7A0AC6B0205344142676C17F59015819_element_26, using=css selector, value=section > button:nth-child(4)}]
Capabilities {acceptInsecureCerts: false, browserName: chrome, browserVersion: 113.0.5672.127, chrome: {chromedriverVersion: 113.0.5672.63 (0e1a4471d5ae..., userDataDir: C:\Users\BABU~1.KRI\AppData...}, goog:chromeOptions: {debuggerAddress: localhost:56191}, networkConnectionEnabled: false, pageLoadStrategy: normal, platformName: WINDOWS, proxy: Proxy(), se:cdp: ws://localhost:56191/devtoo..., se:cdpVersion: 113.0.5672.127, setWindowRect: true, strictFileInteractability: false, timeouts: {implicit: 0, pageLoad: 300000, script: 30000}, unhandledPromptBehavior: dismiss and notify, webauthn:extension:credBlob: true, webauthn:extension:largeBlob: true, webauthn:extension:minPinLength: true, webauthn:extension:prf: true, webauthn:virtualAuthenticators: true}
Session ID: 9f7b88bd8426cd97c9bd5205490afdbf
	at java.base/jdk.internal.reflect.NativeConstructorAccessorImpl.newInstance0(Native Method)
	at java.base/jdk.internal.reflect.NativeConstructorAccessorImpl.newInstance(NativeConstructorAccessorImpl.java:77)
	at java.base/jdk.internal.reflect.DelegatingConstructorAccessorImpl.newInstance(DelegatingConstructorAccessorImpl.java:45)
	at java.base/java.lang.reflect.Constructor.newInstanceWithCaller(Constructor.java:499)
	at java.base/java.lang.reflect.Constructor.newInstance(Constructor.java:480)
	at org.openqa.selenium.remote.codec.w3c.W3CHttpResponseCodec.createException(W3CHttpResponseCodec.java:200)
	at org.openqa.selenium.remote.codec.w3c.W3CHttpResponseCodec.decode(W3CHttpResponseCodec.java:133)
	at org.openqa.selenium.remote.codec.w3c.W3CHttpResponseCodec.decode(W3CHttpResponseCodec.java:53)
	at org.openqa.selenium.remote.HttpCommandExecutor.execute(HttpCommandExecutor.java:184)
	at org.openqa.selenium.remote.service.DriverCommandExecutor.invokeExecute(DriverCommandExecutor.java:167)
	at org.openqa.selenium.remote.service.DriverCommandExecutor.execute(DriverCommandExecutor.java:142)
	at org.openqa.selenium.remote.RemoteWebDriver.execute(RemoteWebDriver.java:543)
	at org.openqa.selenium.remote.ElementLocation$ElementFinder$2.findElement(ElementLocation.java:162)
	at org.openqa.selenium.remote.ElementLocation.findElement(ElementLocation.java:60)
	at org.openqa.selenium.remote.RemoteWebDriver.findElement(RemoteWebDriver.java:352)
	at org.openqa.selenium.remote.RemoteWebElement.findElement(RemoteWebElement.java:227)
	at PageActions.UserAdminPageActions.clickPermissions(UserAdminPageActions.java:188)
	at stepDefinitions.UserAdminPermissionsSteps.clicks_permissions(UserAdminPermissionsSteps.java:29)
	at .clicks permissions(file:///C:/Data/Bitbucket_Pentana360/src/test/resources/FeatureFiles/UserAdminUserPermission.feature:11)
]]></failure>
    <system-out><![CDATA[
@adminSearch
Scenario: Verify user is able to search and find user in the User Administration app using name                    # src/test/resources/FeatureFiles/UsersAdminSearch.feature:11
  Given User signs in to application with email "iconbyl.vergara@pentanasolutions.com" and password "Testing!1234" # stepDefinitions.LoginLogoutSteps.user_signs_in_to_application(java.lang.String,java.lang.String)
  Then User is able to Sign in successfully                                                                        # stepDefinitions.LoginLogoutSteps.user_is_able_to_sign_in_successfully()
  When User is able to see the User Administration button                                                          # stepDefinitions.UserAdministrationSteps.user_is_able_to_see_the_user_administration_button()
  And User clicks the User Administration button                                                                   # stepDefinitions.UserAdministrationSteps.user_clicks_the_user_administration_button()
  Then User is able to access the User Administration app                                                          # stepDefinitions.UserAdministrationSteps.user_is_able_to_access_the_user_administration_app()
  When User Selects An account "Carl-Test"                                                                      # stepDefinitions.UserAdminPermissionsSteps.User_Selects_An_account(java.lang.String)
  And clicks permissions                                                                                        # stepDefinitions.UserAdminPermissionsSteps.clicks_permissions()
      org.openqa.selenium.NoSuchElementException: no such element: Unable to locate element: {"method":"css selector","selector":"section > button:nth-child(4)"}
  (Session info: chrome=113.0.5672.127)
For documentation on this error, please visit: https://selenium.dev/exceptions/#no_such_element
Build info: version: '4.8.1', revision: '8ebccac989'
System info: os.name: 'Windows 11', os.arch: 'amd64', os.version: '10.0', java.version: '17.0.6'
Driver info: org.openqa.selenium.chrome.ChromeDriver
Command: [9f7b88bd8426cd97c9bd5205490afdbf, findChildElement {id=7A0AC6B0205344142676C17F59015819_element_26, using=css selector, value=section > button:nth-child(4)}]
Capabilities {acceptInsecureCerts: false, browserName: chrome, browserVersion: 113.0.5672.127, chrome: {chromedriverVersion: 113.0.5672.63 (0e1a4471d5ae..., userDataDir: C:\Users\BABU~1.KRI\AppData...}, goog:chromeOptions: {debuggerAddress: localhost:56191}, networkConnectionEnabled: false, pageLoadStrategy: normal, platformName: WINDOWS, proxy: Proxy(), se:cdp: ws://localhost:56191/devtoo..., se:cdpVersion: 113.0.5672.127, setWindowRect: true, strictFileInteractability: false, timeouts: {implicit: 0, pageLoad: 300000, script: 30000}, unhandledPromptBehavior: dismiss and notify, webauthn:extension:credBlob: true, webauthn:extension:largeBlob: true, webauthn:extension:minPinLength: true, webauthn:extension:prf: true, webauthn:virtualAuthenticators: true}
Session ID: 9f7b88bd8426cd97c9bd5205490afdbf
	at java.base/jdk.internal.reflect.NativeConstructorAccessorImpl.newInstance0(Native Method)
	at java.base/jdk.internal.reflect.NativeConstructorAccessorImpl.newInstance(NativeConstructorAccessorImpl.java:77)
	at java.base/jdk.internal.reflect.DelegatingConstructorAccessorImpl.newInstance(DelegatingConstructorAccessorImpl.java:45)
	at java.base/java.lang.reflect.Constructor.newInstanceWithCaller(Constructor.java:499)
	at java.base/java.lang.reflect.Constructor.newInstance(Constructor.java:480)
	at org.openqa.selenium.remote.codec.w3c.W3CHttpResponseCodec.createException(W3CHttpResponseCodec.java:200)
	at org.openqa.selenium.remote.codec.w3c.W3CHttpResponseCodec.decode(W3CHttpResponseCodec.java:133)
	at org.openqa.selenium.remote.codec.w3c.W3CHttpResponseCodec.decode(W3CHttpResponseCodec.java:53)
	at org.openqa.selenium.remote.HttpCommandExecutor.execute(HttpCommandExecutor.java:184)
	at org.openqa.selenium.remote.service.DriverCommandExecutor.invokeExecute(DriverCommandExecutor.java:167)
	at org.openqa.selenium.remote.service.DriverCommandExecutor.execute(DriverCommandExecutor.java:142)
	at org.openqa.selenium.remote.RemoteWebDriver.execute(RemoteWebDriver.java:543)
	at org.openqa.selenium.remote.ElementLocation$ElementFinder$2.findElement(ElementLocation.java:162)
	at org.openqa.selenium.remote.ElementLocation.findElement(ElementLocation.java:60)
	at org.openqa.selenium.remote.RemoteWebDriver.findElement(RemoteWebDriver.java:352)
	at org.openqa.selenium.remote.RemoteWebElement.findElement(RemoteWebElement.java:227)
	at PageActions.UserAdminPageActions.clickPermissions(UserAdminPageActions.java:188)
	at stepDefinitions.UserAdminPermissionsSteps.clicks_permissions(UserAdminPermissionsSteps.java:29)
	at .clicks permissions(file:///C:/Data/Bitbucket_Pentana360/src/test/resources/FeatureFiles/UserAdminUserPermission.feature:11)


    Embedding 1685414584181 [image/png 26562 bytes]

  Then User is on Permission Profiles                                                                           # stepDefinitions.UserAdminPermissionsSteps.User_is_on_Permission_Profiles()
  When User clicks on worksheet enable options                                                                  # stepDefinitions.UserAdminPermissionsSteps.User_clicks_on_worksheet_enable_options()
  And User goes back and click Worksheet                                                                        # stepDefinitions.UserAdminPermissionsSteps.User_goes_back_and_click_Worksheet()
  Then User can disable worksheet options                                                                       # stepDefinitions.UserAdminPermissionsSteps.User_can_disable_worksheet_options()
]]></system-out>
    <system-err><![CDATA[Starting ChromeDriver 113.0.5672.63 (0e1a4471d5ae5bf128b1bd8f4d627c8cbd55f70c-refs/branch-heads/5672@{#912}) on port 21314
Only local connections are allowed.
Please see https://chromedriver.chromium.org/security-considerations for suggestions on keeping ChromeDriver safe.
ChromeDriver was started successfully.
May 30, 2023 12:42:47 PM org.openqa.selenium.devtools.CdpVersionFinder findNearestMatch
WARNING: Unable to find an exact match for CDP version 113, so returning the closest version found: 110
]]></system-err>
  </testcase>
  <testcase name="runScenario[&quot;Verify user is able to search and find user in the User Administration app using name&quot;, &quot;User Administration App&quot;](11)" classname="runner.TestRunner" time="7.927">
    <system-out><![CDATA[
@adminSearch
Scenario: Verify user is able to search and find user in the User Administration app using role                    # src/test/resources/FeatureFiles/UsersAdminSearch.feature:15
  Given User signs in to application with email "iconbyl.vergara@pentanasolutions.com" and password "Testing!1234" # stepDefinitions.LoginLogoutSteps.user_signs_in_to_application(java.lang.String,java.lang.String)
  Then User is able to Sign in successfully                                                                        # stepDefinitions.LoginLogoutSteps.user_is_able_to_sign_in_successfully()
  When User is able to see the User Administration button                                                          # stepDefinitions.UserAdministrationSteps.user_is_able_to_see_the_user_administration_button()
  And User clicks the User Administration button                                                                   # stepDefinitions.UserAdministrationSteps.user_clicks_the_user_administration_button()
  When User searches "Icon Vergara"                                                                                # stepDefinitions.UserAdministrationSteps.user_searches(java.lang.String)
  Then Search results displays the user with "Icon Vergara"                                                        # stepDefinitions.UserAdministrationSteps.search_results_displays_the_user_with(java.lang.String)
]]></system-out>
    <system-err><![CDATA[Starting ChromeDriver 113.0.5672.63 (0e1a4471d5ae5bf128b1bd8f4d627c8cbd55f70c-refs/branch-heads/5672@{#912}) on port 31998
Only local connections are allowed.
Please see https://chromedriver.chromium.org/security-considerations for suggestions on keeping ChromeDriver safe.
ChromeDriver was started successfully.
May 30, 2023 12:43:06 PM org.openqa.selenium.devtools.CdpVersionFinder findNearestMatch
WARNING: Unable to find an exact match for CDP version 113, so returning the closest version found: 110
]]></system-err>
  </testcase>
  <testcase name="runScenario[&quot;Verify user is able to search and find user in the User Administration app using role&quot;, &quot;User Administration App&quot;](12)" classname="runner.TestRunner" time="18.167">
    <system-out><![CDATA[
@adminSearch
Scenario: Verify user is able to search and find user in the User Administration app using email                   # src/test/resources/FeatureFiles/UsersAdminSearch.feature:19
  Then User is able to access the User Administration app                                                          # stepDefinitions.UserAdministrationSteps.user_is_able_to_access_the_user_administration_app()
  Given User signs in to application with email "iconbyl.vergara@pentanasolutions.com" and password "Testing!1234" # stepDefinitions.LoginLogoutSteps.user_signs_in_to_application(java.lang.String,java.lang.String)
  Then User is able to Sign in successfully                                                                        # stepDefinitions.LoginLogoutSteps.user_is_able_to_sign_in_successfully()
  When User is able to see the User Administration button                                                          # stepDefinitions.UserAdministrationSteps.user_is_able_to_see_the_user_administration_button()
  And User clicks the User Administration button                                                                   # stepDefinitions.UserAdministrationSteps.user_clicks_the_user_administration_button()
  Then User is able to access the User Administration app                                                          # stepDefinitions.UserAdministrationSteps.user_is_able_to_access_the_user_administration_app()
  When User searches "QA"                                                                                          # stepDefinitions.UserAdministrationSteps.user_searches(java.lang.String)
  Then Search results displays the user with "Icon Vergara"                                                        # stepDefinitions.UserAdministrationSteps.search_results_displays_the_user_with(java.lang.String)
]]></system-out>
    <system-err><![CDATA[Starting ChromeDriver 113.0.5672.63 (0e1a4471d5ae5bf128b1bd8f4d627c8cbd55f70c-refs/branch-heads/5672@{#912}) on port 37024
Only local connections are allowed.
Please see https://chromedriver.chromium.org/security-considerations for suggestions on keeping ChromeDriver safe.
ChromeDriver was started successfully.
May 30, 2023 12:43:14 PM org.openqa.selenium.devtools.CdpVersionFinder findNearestMatch
WARNING: Unable to find an exact match for CDP version 113, so returning the closest version found: 110
]]></system-err>
  </testcase>
  <testcase name="runScenario[&quot;Verify user is able to search and find user in the User Administration app using email&quot;, &quot;User Administration App&quot;](13)" classname="runner.TestRunner" time="8.067">
    <system-out><![CDATA[
@adminSearch
Scenario: Verify user is able to search and not find user in the User Administration app with no matching details  # src/test/resources/FeatureFiles/UsersAdminSearch.feature:23
  Given User signs in to application with email "iconbyl.vergara@pentanasolutions.com" and password "Testing!1234" # stepDefinitions.LoginLogoutSteps.user_signs_in_to_application(java.lang.String,java.lang.String)
  Then User is able to Sign in successfully                                                                        # stepDefinitions.LoginLogoutSteps.user_is_able_to_sign_in_successfully()
  When User is able to see the User Administration button                                                          # stepDefinitions.UserAdministrationSteps.user_is_able_to_see_the_user_administration_button()
  And User clicks the User Administration button                                                                   # stepDefinitions.UserAdministrationSteps.user_clicks_the_user_administration_button()
  When User searches "iconbyl.vergara@pentanasolutions.com"                                                        # stepDefinitions.UserAdministrationSteps.user_searches(java.lang.String)
  Then Search results displays the user with "Icon Vergara"                                                        # stepDefinitions.UserAdministrationSteps.search_results_displays_the_user_with(java.lang.String)
]]></system-out>
    <system-err><![CDATA[Starting ChromeDriver 113.0.5672.63 (0e1a4471d5ae5bf128b1bd8f4d627c8cbd55f70c-refs/branch-heads/5672@{#912}) on port 45750
Only local connections are allowed.
Please see https://chromedriver.chromium.org/security-considerations for suggestions on keeping ChromeDriver safe.
ChromeDriver was started successfully.
May 30, 2023 12:43:32 PM org.openqa.selenium.devtools.CdpVersionFinder findNearestMatch
WARNING: Unable to find an exact match for CDP version 113, so returning the closest version found: 110
]]></system-err>
  </testcase>
  <testcase name="runScenario[&quot;Verify user is able to access User Administration app&quot;, &quot;User Administration App&quot;](14)" classname="runner.TestRunner" time="12.2">
    <system-out><![CDATA[
@userAdmin
Scenario Outline: Verify user is able to access User Administration app                                           # src/test/resources/FeatureFiles/UsersAdministration.feature:13
  Then User is able to access the User Administration app                                                          # stepDefinitions.UserAdministrationSteps.user_is_able_to_access_the_user_administration_app()
  Given User signs in to application with email "Sameer.Tamboli+1@pentanacontractor.com" and password "Test1234!" # stepDefinitions.LoginLogoutSteps.user_signs_in_to_application(java.lang.String,java.lang.String)
  Then User is able to Sign in successfully                                                                       # stepDefinitions.LoginLogoutSteps.user_is_able_to_sign_in_successfully()
  When User is able to see the User Administration button                                                         # stepDefinitions.UserAdministrationSteps.user_is_able_to_see_the_user_administration_button()
  And User clicks the User Administration button                                                                  # stepDefinitions.UserAdministrationSteps.user_clicks_the_user_administration_button()
  Then User is able to access the User Administration app                                                         # stepDefinitions.UserAdministrationSteps.user_is_able_to_access_the_user_administration_app()
]]></system-out>
    <system-err><![CDATA[Starting ChromeDriver 113.0.5672.63 (0e1a4471d5ae5bf128b1bd8f4d627c8cbd55f70c-refs/branch-heads/5672@{#912}) on port 41372
Only local connections are allowed.
Please see https://chromedriver.chromium.org/security-considerations for suggestions on keeping ChromeDriver safe.
ChromeDriver was started successfully.
May 30, 2023 12:43:40 PM org.openqa.selenium.devtools.CdpVersionFinder findNearestMatch
WARNING: Unable to find an exact match for CDP version 113, so returning the closest version found: 110
]]></system-err>
  </testcase>
  <testcase name="runScenario[&quot;Verify user is able to search and not find user in the User Administration app with no matching details&quot;, &quot;User Administration App&quot;](15)" classname="runner.TestRunner" time="6.563">
    <system-out><![CDATA[
@createUser
Scenario: Verify admin is able to create user                                                            # src/test/resources/FeatureFiles/UsersCreation.feature:4
  When User searches "test"                                                                                        # stepDefinitions.UserAdministrationSteps.user_searches(java.lang.String)
  Then Search results do not contain the user with "Icon Vergara"                                                  # stepDefinitions.UserAdministrationSteps.search_results_do_not_contain_the_user_with(java.lang.String)
]]></system-out>
    <system-err><![CDATA[Starting ChromeDriver 113.0.5672.63 (0e1a4471d5ae5bf128b1bd8f4d627c8cbd55f70c-refs/branch-heads/5672@{#912}) on port 11638
Only local connections are allowed.
Please see https://chromedriver.chromium.org/security-considerations for suggestions on keeping ChromeDriver safe.
ChromeDriver was started successfully.
May 30, 2023 12:43:52 PM org.openqa.selenium.devtools.CdpVersionFinder findNearestMatch
WARNING: Unable to find an exact match for CDP version 113, so returning the closest version found: 110
]]></system-err>
  </testcase>
  <testcase name="runScenario[&quot;Verify admin is able to create user&quot;, &quot;User Administration App Create Users&quot;](16)" classname="runner.TestRunner" time="14.217">
    <system-out><![CDATA[  Given User signs in to application with email "Icon.Vergara@automationqa.com" and password "Welcome@1" # stepDefinitions.LoginLogoutSteps.user_signs_in_to_application(java.lang.String,java.lang.String)
  Then User is able to Sign in successfully                                                              # stepDefinitions.LoginLogoutSteps.user_is_able_to_sign_in_successfully()
  When User is able to see the User Administration button                                                # stepDefinitions.UserAdministrationSteps.user_is_able_to_see_the_user_administration_button()
  And User clicks the User Administration button                                                         # stepDefinitions.UserAdministrationSteps.user_clicks_the_user_administration_button()
  Then User is able to access the User Administration app                                                # stepDefinitions.UserAdministrationSteps.user_is_able_to_access_the_user_administration_app()
  When User clicks New user button                                                                       # stepDefinitions.UsersCreationSteps.user_clicks_new_user_button()
  Then User is redirected to New user page                                                               # stepDefinitions.UsersCreationSteps.user_is_redirected_to_new_user_page()
  When User enters new full name                                                                         # stepDefinitions.UsersCreationSteps.user_enters_full_name()
  And User enters new email                                                                              # stepDefinitions.UsersCreationSteps.user_enters_new_email()
  And User enters job title "QA"                                                                         # stepDefinitions.UsersCreationSteps.user_enters_job_title(java.lang.String)
  And User enters role "user"                                                                            # stepDefinitions.UsersCreationSteps.user_enters_role(java.lang.String)
  And User clicks continue                                                                               # stepDefinitions.UsersCreationSteps.user_clicks_continue()
  Then User is redirected to Selected companies and branches page                                        # stepDefinitions.UsersCreationSteps.user_is_redirected_to_selected_companies_and_branches_page()
  When User selects "QAAutomationS02"                                                                    # stepDefinitions.UsersCreationSteps.user_selects(java.lang.String)
  And User clicks save button                                                                            # stepDefinitions.UsersCreationSteps.user_clicks_save_button()
  Then Notification that user has been created is shown                                                  # stepDefinitions.UsersCreationSteps.notification_that_user_has_been_created_is_shown()
]]></system-out>
  </testcase>
</testsuite>